2014-12-25 23:27:52 Server:Workerman is starting ...
2014-12-25 23:27:52 Server:[1A
[KWorkerman start success ...[0m
2014-12-25 23:29:27 /tmp/gateway.store.cache.php updated and reload workers
2014-12-25 23:30:05 /tmp/gateway.store.cache.php updated and reload workers
2014-12-25 23:30:41 /tmp/VirtualShell.store.cache.php updated and reload workers
2014-12-25 23:33:52 /tmp/gateway.store.cache.php updated and reload workers
2014-12-25 23:33:53 /tmp/gateway.store.cache.php updated and reload workers
2014-12-25 23:34:18 /tmp/gateway.store.cache.php updated and reload workers
2014-12-25 23:34:25 /tmp/gateway.store.cache.php updated and reload workers
2014-12-25 23:34:32 /tmp/VirtualShell.store.cache.php updated and reload workers
2014-12-25 23:35:14 /tmp/gateway.store.cache.php updated and reload workers
2014-12-25 23:35:21 /tmp/gateway.store.cache.php updated and reload workers
2014-12-25 23:35:27 /tmp/VirtualShell.store.cache.php updated and reload workers
2014-12-25 23:36:39 /tmp/gateway.store.cache.php updated and reload workers
2014-12-25 23:37:02 /tmp/gateway.store.cache.php updated and reload workers
2014-12-25 23:37:23 /tmp/gateway.store.cache.php updated and reload workers
2014-12-25 23:37:27 /tmp/gateway.store.cache.php updated and reload workers
2014-12-25 23:40:19 /tmp/gateway.store.cache.php updated and reload workers
2014-12-25 23:40:27 /tmp/gateway.store.cache.php updated and reload workers
2014-12-25 23:40:33 /tmp/VirtualShell.store.cache.php updated and reload workers
2014-12-25 23:55:20 /tmp/gateway.store.cache.php updated and reload workers
