2014-12-23 19:38:00 Server:Workerman is starting ...
2014-12-23 19:38:00 Server:[1A
[KWorkerman start success ...[0m
2014-12-23 20:00:52 /tmp/gateway.store.cache.php updated and reload workers
2014-12-23 20:04:34 /var/www/html/gd_virtual_shell/websocket/applications/Chat/Event.php updated and reload workers
2014-12-23 20:49:53 /var/www/html/gd_virtual_shell/websocket/applications/Chat/Event.php updated and reload workers
2014-12-23 20:50:07 /var/www/html/gd_virtual_shell/websocket/applications/Chat/Event.php updated and reload workers
2014-12-23 20:50:38 /var/www/html/gd_virtual_shell/websocket/applications/Chat/Event.php updated and reload workers
2014-12-23 20:54:06 /var/www/html/gd_virtual_shell/websocket/applications/Chat/Event.php updated and reload workers
2014-12-23 20:54:09 /var/www/html/gd_virtual_shell/websocket/applications/Chat/Event.php updated and reload workers
2014-12-23 20:54:28 /var/www/html/gd_virtual_shell/websocket/applications/Chat/Event.php updated and reload workers
2014-12-23 20:54:29 /var/www/html/gd_virtual_shell/websocket/applications/Chat/Event.php updated and reload workers
2014-12-23 20:54:35 /var/www/html/gd_virtual_shell/websocket/applications/Chat/Event.php updated and reload workers
2014-12-23 20:54:39 /var/www/html/gd_virtual_shell/websocket/applications/Chat/Event.php updated and reload workers
2014-12-23 20:54:44 /var/www/html/gd_virtual_shell/websocket/applications/Chat/Event.php updated and reload workers
2014-12-23 20:54:46 /var/www/html/gd_virtual_shell/websocket/applications/Chat/Event.php updated and reload workers
2014-12-23 20:54:47 /var/www/html/gd_virtual_shell/websocket/applications/Chat/Event.php updated and reload workers
2014-12-23 20:55:00 /var/www/html/gd_virtual_shell/websocket/applications/Chat/Event.php updated and reload workers
2014-12-23 20:55:01 /var/www/html/gd_virtual_shell/websocket/applications/Chat/Event.php updated and reload workers
2014-12-23 20:55:23 /var/www/html/gd_virtual_shell/websocket/applications/Chat/Event.php updated and reload workers
2014-12-23 20:55:24 /var/www/html/gd_virtual_shell/websocket/applications/Chat/Event.php updated and reload workers
2014-12-23 20:56:16 /var/www/html/gd_virtual_shell/websocket/applications/Chat/Event.php updated and reload workers
2014-12-23 20:56:20 /var/www/html/gd_virtual_shell/websocket/applications/Chat/Event.php updated and reload workers
2014-12-23 20:56:57 /var/www/html/gd_virtual_shell/websocket/applications/Chat/Event.php updated and reload workers
2014-12-23 21:04:28 /var/www/html/gd_virtual_shell/websocket/applications/Chat/Event.php updated and reload workers
2014-12-23 21:04:35 /var/www/html/gd_virtual_shell/websocket/applications/Chat/Event.php updated and reload workers
2014-12-23 21:04:42 /var/www/html/gd_virtual_shell/websocket/applications/Chat/Event.php updated and reload workers
2014-12-23 21:04:50 /var/www/html/gd_virtual_shell/websocket/applications/Chat/Event.php updated and reload workers
2014-12-23 21:05:28 /var/www/html/gd_virtual_shell/websocket/applications/Chat/Event.php updated and reload workers
2014-12-23 21:05:33 /var/www/html/gd_virtual_shell/websocket/applications/Chat/Event.php updated and reload workers
2014-12-23 21:05:38 /var/www/html/gd_virtual_shell/websocket/applications/Chat/Event.php updated and reload workers
2014-12-23 21:05:41 /var/www/html/gd_virtual_shell/websocket/applications/Chat/Event.php updated and reload workers
2014-12-23 21:06:03 /var/www/html/gd_virtual_shell/websocket/applications/Chat/Event.php updated and reload workers
2014-12-23 21:06:30 /var/www/html/gd_virtual_shell/websocket/applications/Chat/Event.php updated and reload workers
2014-12-23 21:06:53 /var/www/html/gd_virtual_shell/websocket/applications/Chat/Event.php updated and reload workers
2014-12-23 21:07:10 /var/www/html/gd_virtual_shell/websocket/applications/Chat/Event.php updated and reload workers
2014-12-23 21:07:15 /var/www/html/gd_virtual_shell/websocket/applications/Chat/Event.php updated and reload workers
2014-12-23 21:07:25 /var/www/html/gd_virtual_shell/websocket/applications/Chat/Event.php updated and reload workers
2014-12-23 21:08:06 /var/www/html/gd_virtual_shell/websocket/applications/Chat/Event.php updated and reload workers
2014-12-23 21:08:28 /var/www/html/gd_virtual_shell/websocket/applications/Chat/Event.php updated and reload workers
2014-12-23 21:08:51 /var/www/html/gd_virtual_shell/websocket/applications/Chat/Event.php updated and reload workers
2014-12-23 21:09:37 /var/www/html/gd_virtual_shell/websocket/applications/Chat/Event.php updated and reload workers
2014-12-23 21:09:43 /var/www/html/gd_virtual_shell/websocket/applications/Chat/Event.php updated and reload workers
2014-12-23 21:11:58 /var/www/html/gd_virtual_shell/websocket/applications/Chat/Event.php updated and reload workers
2014-12-23 21:12:06 /var/www/html/gd_virtual_shell/websocket/applications/Chat/Event.php updated and reload workers
2014-12-23 21:12:33 /var/www/html/gd_virtual_shell/websocket/applications/Chat/Event.php updated and reload workers
2014-12-23 21:12:37 /var/www/html/gd_virtual_shell/websocket/applications/Chat/Event.php updated and reload workers
2014-12-23 21:12:54 /var/www/html/gd_virtual_shell/websocket/applications/Chat/Event.php updated and reload workers
2014-12-23 21:13:03 /var/www/html/gd_virtual_shell/websocket/applications/Chat/Event.php updated and reload workers
2014-12-23 21:14:05 /var/www/html/gd_virtual_shell/websocket/applications/Chat/Event.php updated and reload workers
2014-12-23 21:14:33 /var/www/html/gd_virtual_shell/websocket/applications/Chat/Event.php updated and reload workers
2014-12-23 21:14:47 /var/www/html/gd_virtual_shell/websocket/applications/Chat/Event.php updated and reload workers
2014-12-23 21:14:48 /var/www/html/gd_virtual_shell/websocket/applications/Chat/Event.php updated and reload workers
2014-12-23 21:14:55 /var/www/html/gd_virtual_shell/websocket/applications/Chat/Event.php updated and reload workers
2014-12-23 21:15:37 /var/www/html/gd_virtual_shell/websocket/applications/Chat/Event.php updated and reload workers
2014-12-23 21:15:56 /var/www/html/gd_virtual_shell/websocket/applications/Chat/Event.php updated and reload workers
2014-12-23 21:15:57 /var/www/html/gd_virtual_shell/websocket/applications/Chat/Event.php updated and reload workers
2014-12-23 21:15:59 /var/www/html/gd_virtual_shell/websocket/applications/Chat/Event.php updated and reload workers
2014-12-23 21:16:06 /var/www/html/gd_virtual_shell/websocket/applications/Chat/Event.php updated and reload workers
2014-12-23 21:16:26 /var/www/html/gd_virtual_shell/websocket/applications/Chat/Event.php updated and reload workers
2014-12-23 21:16:38 /var/www/html/gd_virtual_shell/websocket/applications/Chat/Event.php updated and reload workers
2014-12-23 21:16:46 /var/www/html/gd_virtual_shell/websocket/applications/Chat/Event.php updated and reload workers
2014-12-23 21:16:47 /var/www/html/gd_virtual_shell/websocket/applications/Chat/Event.php updated and reload workers
2014-12-23 21:16:48 /var/www/html/gd_virtual_shell/websocket/applications/Chat/Event.php updated and reload workers
2014-12-23 21:17:12 /var/www/html/gd_virtual_shell/websocket/applications/Chat/Event.php updated and reload workers
2014-12-23 21:18:01 /var/www/html/gd_virtual_shell/websocket/applications/Chat/Event.php updated and reload workers
2014-12-23 21:18:14 /var/www/html/gd_virtual_shell/websocket/applications/Chat/Event.php updated and reload workers
2014-12-23 21:18:21 /var/www/html/gd_virtual_shell/websocket/applications/Chat/Event.php updated and reload workers
2014-12-23 21:18:23 /var/www/html/gd_virtual_shell/websocket/applications/Chat/Event.php updated and reload workers
2014-12-23 21:18:31 /var/www/html/gd_virtual_shell/websocket/applications/Chat/Event.php updated and reload workers
2014-12-23 21:19:05 /var/www/html/gd_virtual_shell/websocket/applications/Chat/Event.php updated and reload workers
2014-12-23 21:19:37 /var/www/html/gd_virtual_shell/websocket/applications/Chat/Event.php updated and reload workers
2014-12-23 21:20:51 /var/www/html/gd_virtual_shell/websocket/applications/Chat/Event.php updated and reload workers
2014-12-23 21:21:32 /var/www/html/gd_virtual_shell/websocket/applications/Chat/Event.php updated and reload workers
2014-12-23 21:25:30 /tmp/gateway.store.cache.php updated and reload workers
2014-12-23 21:25:41 Worker[FileMonitor]:terminal closed and reset workers fd
