2015-02-06 00:30:42 /tmp/gateway.store.cache.php updated and reload workers
2015-02-06 00:30:44 /tmp/gateway.store.cache.php updated and reload workers
2015-02-06 00:30:50 /tmp/gateway.store.cache.php updated and reload workers
2015-02-06 00:52:10 /tmp/gateway.store.cache.php updated and reload workers
2015-02-06 00:52:16 Worker[FileMonitor]:terminal closed and reset workers fd
2015-02-06 09:49:23 Server:Workerman is starting ...
2015-02-06 09:49:23 Server:[1A
[KWorkerman start success ...[0m
2015-02-06 10:26:34 /tmp/gateway.store.cache.php updated and reload workers
2015-02-06 10:26:38 /tmp/gateway.store.cache.php updated and reload workers
2015-02-06 11:06:03 /tmp/gateway.store.cache.php updated and reload workers
2015-02-06 11:06:09 /tmp/gateway.store.cache.php updated and reload workers
2015-02-06 13:28:07 Worker[FileMonitor]:terminal closed and reset workers fd
2015-02-06 13:50:46 /tmp/gateway.store.cache.php updated and reload workers
2015-02-06 20:42:34 Server:Workerman is starting ...
2015-02-06 20:42:34 Server:[1A
[KWorkerman start success ...[0m
2015-02-06 20:44:08 /tmp/gateway.store.cache.php updated and reload workers
2015-02-06 20:44:09 /tmp/gateway.store.cache.php updated and reload workers
2015-02-06 20:44:11 /tmp/gateway.store.cache.php updated and reload workers
2015-02-06 23:07:34 /tmp/gateway.store.cache.php updated and reload workers
2015-02-06 23:07:35 /tmp/gateway.store.cache.php updated and reload workers
