2015-02-05 00:06:30 /tmp/gateway.store.cache.php updated and reload workers
2015-02-05 00:13:54 /tmp/gateway.store.cache.php updated and reload workers
2015-02-05 00:13:56 /tmp/gateway.store.cache.php updated and reload workers
2015-02-05 00:13:57 /tmp/gateway.store.cache.php updated and reload workers
2015-02-05 00:29:30 Worker[BusinessWorker]:WORKER EXIT UNEXPECTED  E_WARNING file_get_contents(/var/run/workerman-chat.pid): failed to open stream: No such file or directory in /var/www/html/intelligence_server/websocket/workerman/Core/Lib/Checker.php on line 276
2015-02-05 00:29:31 /tmp/gateway.store.cache.php updated and reload workers
2015-02-05 00:29:31 Worker[FileMonitor]:terminal closed and reset workers fd
2015-02-05 16:57:46 Server:Workerman is starting ...
2015-02-05 16:57:46 Server:[1A
[KWorkerman start success ...[0m
2015-02-05 16:57:57 /tmp/gateway.store.cache.php updated and reload workers
2015-02-05 16:58:00 /tmp/gateway.store.cache.php updated and reload workers
2015-02-05 17:16:56 /tmp/gateway.store.cache.php updated and reload workers
2015-02-05 17:17:31 /tmp/gateway.store.cache.php updated and reload workers
2015-02-05 17:17:35 /tmp/gateway.store.cache.php updated and reload workers
2015-02-05 17:17:39 /tmp/gateway.store.cache.php updated and reload workers
2015-02-05 17:18:40 /tmp/gateway.store.cache.php updated and reload workers
2015-02-05 17:18:44 /tmp/gateway.store.cache.php updated and reload workers
2015-02-05 17:19:01 /tmp/gateway.store.cache.php updated and reload workers
2015-02-05 17:19:04 /tmp/gateway.store.cache.php updated and reload workers
2015-02-05 17:19:07 /tmp/gateway.store.cache.php updated and reload workers
2015-02-05 17:19:36 /tmp/gateway.store.cache.php updated and reload workers
2015-02-05 17:19:55 /tmp/gateway.store.cache.php updated and reload workers
2015-02-05 17:21:32 /tmp/gateway.store.cache.php updated and reload workers
2015-02-05 17:21:36 /tmp/gateway.store.cache.php updated and reload workers
2015-02-05 17:22:31 /tmp/gateway.store.cache.php updated and reload workers
2015-02-05 17:22:35 /tmp/gateway.store.cache.php updated and reload workers
2015-02-05 17:23:07 /tmp/gateway.store.cache.php updated and reload workers
2015-02-05 17:23:11 /tmp/gateway.store.cache.php updated and reload workers
2015-02-05 17:23:20 /tmp/gateway.store.cache.php updated and reload workers
2015-02-05 17:23:23 /tmp/gateway.store.cache.php updated and reload workers
2015-02-05 17:25:32 /tmp/gateway.store.cache.php updated and reload workers
2015-02-05 17:25:45 /tmp/gateway.store.cache.php updated and reload workers
2015-02-05 17:25:48 /tmp/gateway.store.cache.php updated and reload workers
2015-02-05 17:26:07 /tmp/gateway.store.cache.php updated and reload workers
2015-02-05 17:26:11 /tmp/gateway.store.cache.php updated and reload workers
2015-02-05 17:28:18 /tmp/gateway.store.cache.php updated and reload workers
2015-02-05 17:28:22 /tmp/gateway.store.cache.php updated and reload workers
2015-02-05 17:28:29 /tmp/gateway.store.cache.php updated and reload workers
2015-02-05 17:28:33 /tmp/gateway.store.cache.php updated and reload workers
2015-02-05 17:33:32 /tmp/gateway.store.cache.php updated and reload workers
2015-02-05 17:33:36 /tmp/gateway.store.cache.php updated and reload workers
2015-02-05 17:33:44 /tmp/gateway.store.cache.php updated and reload workers
2015-02-05 17:34:36 Worker[BusinessWorker]:WORKER EXIT UNEXPECTED  E_WARNING file_get_contents(/var/run/workerman-chat.pid): failed to open stream: No such file or directory in /var/www/html/intelligence_server/websocket/workerman/Core/Lib/Checker.php on line 276
2015-02-05 17:34:36 Worker[BusinessWorker]:WORKER EXIT UNEXPECTED  E_WARNING file_get_contents(/var/run/workerman-chat.pid): failed to open stream: No such file or directory in /var/www/html/intelligence_server/websocket/workerman/Core/Lib/Checker.php on line 276
2015-02-05 17:34:36 /tmp/gateway.store.cache.php updated and reload workers
2015-02-05 17:34:36 Worker[FileMonitor]:terminal closed and reset workers fd
2015-02-05 17:36:52 Server:Workerman is starting ...
2015-02-05 17:36:53 Server:[1A
[KWorkerman start success ...[0m
2015-02-05 17:36:59 /tmp/gateway.store.cache.php updated and reload workers
2015-02-05 17:37:05 /tmp/gateway.store.cache.php updated and reload workers
2015-02-05 17:42:19 /tmp/gateway.store.cache.php updated and reload workers
2015-02-05 21:28:11 /tmp/gateway.store.cache.php updated and reload workers
2015-02-05 21:28:13 /tmp/gateway.store.cache.php updated and reload workers
2015-02-05 21:28:19 /tmp/gateway.store.cache.php updated and reload workers
2015-02-05 22:07:20 /tmp/gateway.store.cache.php updated and reload workers
