2015-02-01 15:07:43 Server:Workerman is starting ...
2015-02-01 15:07:43 Server:[1A
[KWorkerman start success ...[0m
2015-02-01 15:12:14 Server:Workerman is shutting down
2015-02-01 15:12:14 Server:Workerman stoped
2015-02-01 15:12:39 Server:Workerman is starting ...
2015-02-01 15:12:39 Server:[1A
[KWorkerman start success ...[0m
2015-02-01 15:13:26 /tmp/gateway.store.cache.php updated and reload workers
2015-02-01 15:13:56 /tmp/gateway.store.cache.php updated and reload workers
2015-02-01 15:18:04 /tmp/gateway.store.cache.php updated and reload workers
2015-02-01 15:18:20 /tmp/gateway.store.cache.php updated and reload workers
2015-02-01 15:24:22 /tmp/gateway.store.cache.php updated and reload workers
2015-02-01 15:24:42 /tmp/gateway.store.cache.php updated and reload workers
2015-02-01 15:31:03 /tmp/gateway.store.cache.php updated and reload workers
2015-02-01 15:31:07 /tmp/gateway.store.cache.php updated and reload workers
2015-02-01 15:31:09 /tmp/gateway.store.cache.php updated and reload workers
2015-02-01 15:31:10 /tmp/gateway.store.cache.php updated and reload workers
2015-02-01 15:31:22 /tmp/gateway.store.cache.php updated and reload workers
2015-02-01 15:31:38 /tmp/gateway.store.cache.php updated and reload workers
2015-02-01 15:31:58 /tmp/gateway.store.cache.php updated and reload workers
2015-02-01 15:35:20 /tmp/gateway.store.cache.php updated and reload workers
2015-02-01 15:35:47 /tmp/gateway.store.cache.php updated and reload workers
2015-02-01 15:38:37 /tmp/gateway.store.cache.php updated and reload workers
2015-02-01 15:38:42 /tmp/gateway.store.cache.php updated and reload workers
2015-02-01 16:45:27 /tmp/gateway.store.cache.php updated and reload workers
2015-02-01 16:45:47 /tmp/gateway.store.cache.php updated and reload workers
2015-02-01 16:45:49 /tmp/gateway.store.cache.php updated and reload workers
2015-02-01 16:46:00 /tmp/gateway.store.cache.php updated and reload workers
2015-02-01 16:46:05 /tmp/gateway.store.cache.php updated and reload workers
2015-02-01 16:46:06 /tmp/gateway.store.cache.php updated and reload workers
2015-02-01 16:46:25 /tmp/gateway.store.cache.php updated and reload workers
2015-02-01 16:47:03 /tmp/gateway.store.cache.php updated and reload workers
2015-02-01 16:47:04 /tmp/gateway.store.cache.php updated and reload workers
2015-02-01 16:47:05 /tmp/gateway.store.cache.php updated and reload workers
2015-02-01 16:48:06 /tmp/gateway.store.cache.php updated and reload workers
2015-02-01 16:49:37 /tmp/gateway.store.cache.php updated and reload workers
2015-02-01 17:06:32 /tmp/gateway.store.cache.php updated and reload workers
2015-02-01 17:28:09 /tmp/gateway.store.cache.php updated and reload workers
2015-02-01 17:38:17 /tmp/gateway.store.cache.php updated and reload workers
2015-02-01 17:46:27 /tmp/gateway.store.cache.php updated and reload workers
2015-02-01 17:48:46 /tmp/gateway.store.cache.php updated and reload workers
2015-02-01 20:09:36 /tmp/gateway.store.cache.php updated and reload workers
2015-02-01 20:09:37 /tmp/gateway.store.cache.php updated and reload workers
2015-02-01 20:09:43 /tmp/gateway.store.cache.php updated and reload workers
2015-02-01 20:09:44 /tmp/gateway.store.cache.php updated and reload workers
2015-02-01 20:22:17 /tmp/gateway.store.cache.php updated and reload workers
2015-02-01 20:56:02 /tmp/gateway.store.cache.php updated and reload workers
2015-02-01 20:57:54 /tmp/gateway.store.cache.php updated and reload workers
2015-02-01 22:25:28 /tmp/gateway.store.cache.php updated and reload workers
2015-02-01 22:26:03 /tmp/gateway.store.cache.php updated and reload workers
2015-02-01 22:26:05 /tmp/gateway.store.cache.php updated and reload workers
2015-02-01 22:26:06 /tmp/group.store.cache.php updated and reload workers
2015-02-01 22:26:28 /tmp/gateway.store.cache.php updated and reload workers
2015-02-01 22:30:32 /tmp/gateway.store.cache.php updated and reload workers
2015-02-01 22:49:53 /tmp/gateway.store.cache.php updated and reload workers
2015-02-01 22:51:41 /tmp/gateway.store.cache.php updated and reload workers
2015-02-01 22:51:49 /tmp/gateway.store.cache.php updated and reload workers
2015-02-01 22:51:50 /tmp/gateway.store.cache.php updated and reload workers
2015-02-01 22:55:14 /tmp/gateway.store.cache.php updated and reload workers
2015-02-01 22:55:15 /tmp/gateway.store.cache.php updated and reload workers
2015-02-01 22:55:15 Server:worker[5090:Monitor] exit with status 12
2015-02-01 22:55:16 /tmp/group.store.cache.php updated and reload workers
2015-02-01 23:42:25 /tmp/gateway.store.cache.php updated and reload workers
2015-02-01 23:42:32 Worker[BusinessWorker]:WORKER EXIT UNEXPECTED  E_WARNING stream_select(): unable to select [4]: Interrupted system call (max_fd=11) in /var/www/html/intelligence_server/websocket/workerman/Core/Events/Select.php on line 167
2015-02-01 23:42:32 Worker[FileMonitor]:terminal closed and reset workers fd
2015-02-01 23:42:32 Server:worker[9080:BusinessWorker] exit with status 12
2015-02-01 23:42:34 /tmp/gateway.store.cache.php updated and reload workers
