2014-12-31 23:12:31 Server:Workerman is starting ...
2014-12-31 23:12:32 Server:[1A
[KWorkerman start success ...[0m
2014-12-31 23:12:40 /tmp/gateway.store.cache.php updated and reload workers
2014-12-31 23:12:47 /tmp/gateway.store.cache.php updated and reload workers
2014-12-31 23:12:55 /tmp/VirtualShell.store.cache.php updated and reload workers
2014-12-31 23:13:45 /var/www/html/gd_virtual_shell/websocket/applications/Chat/Event.php updated and reload workers
2014-12-31 23:14:20 /var/www/html/gd_virtual_shell/websocket/applications/Chat/Event.php updated and reload workers
2014-12-31 23:14:24 /var/www/html/gd_virtual_shell/websocket/applications/Chat/Event.php updated and reload workers
2014-12-31 23:14:41 /tmp/gateway.store.cache.php updated and reload workers
2014-12-31 23:14:47 /tmp/gateway.store.cache.php updated and reload workers
2014-12-31 23:14:52 /tmp/VirtualShell.store.cache.php updated and reload workers
2014-12-31 23:19:09 /tmp/gateway.store.cache.php updated and reload workers
2014-12-31 23:19:18 /tmp/gateway.store.cache.php updated and reload workers
2014-12-31 23:19:32 /tmp/gateway.store.cache.php updated and reload workers
2014-12-31 23:21:34 /tmp/gateway.store.cache.php updated and reload workers
2014-12-31 23:21:42 /tmp/gateway.store.cache.php updated and reload workers
2014-12-31 23:21:50 /tmp/VirtualShell.store.cache.php updated and reload workers
2014-12-31 23:22:54 /var/www/html/gd_virtual_shell/websocket/applications/Chat/Event.php updated and reload workers
2014-12-31 23:23:06 /tmp/gateway.store.cache.php updated and reload workers
2014-12-31 23:23:12 /tmp/gateway.store.cache.php updated and reload workers
2014-12-31 23:23:17 /tmp/VirtualShell.store.cache.php updated and reload workers
2014-12-31 23:23:42 /tmp/gateway.store.cache.php updated and reload workers
2014-12-31 23:23:49 /tmp/gateway.store.cache.php updated and reload workers
2014-12-31 23:23:55 /tmp/VirtualShell.store.cache.php updated and reload workers
2014-12-31 23:24:03 /tmp/gateway.store.cache.php updated and reload workers
2014-12-31 23:24:10 /tmp/gateway.store.cache.php updated and reload workers
2014-12-31 23:24:15 /tmp/VirtualShell.store.cache.php updated and reload workers
2014-12-31 23:24:45 /var/www/html/gd_virtual_shell/websocket/applications/Chat/Event.php updated and reload workers
2014-12-31 23:29:23 /var/www/html/gd_virtual_shell/websocket/applications/Chat/Event.php updated and reload workers
2014-12-31 23:31:35 /tmp/gateway.store.cache.php updated and reload workers
2014-12-31 23:31:42 /tmp/gateway.store.cache.php updated and reload workers
2014-12-31 23:31:46 /tmp/VirtualShell.store.cache.php updated and reload workers
2014-12-31 23:31:55 /tmp/gateway.store.cache.php updated and reload workers
2014-12-31 23:32:07 /tmp/gateway.store.cache.php updated and reload workers
2014-12-31 23:32:13 /tmp/VirtualShell.store.cache.php updated and reload workers
2014-12-31 23:32:21 /tmp/gateway.store.cache.php updated and reload workers
2014-12-31 23:32:27 /tmp/VirtualShell.store.cache.php updated and reload workers
2014-12-31 23:34:17 /tmp/gateway.store.cache.php updated and reload workers
2014-12-31 23:34:18 /tmp/gateway.store.cache.php updated and reload workers
2014-12-31 23:34:22 /tmp/gateway.store.cache.php updated and reload workers
2014-12-31 23:34:23 /tmp/gateway.store.cache.php updated and reload workers
2014-12-31 23:34:29 /tmp/gateway.store.cache.php updated and reload workers
2014-12-31 23:34:38 /tmp/VirtualShell.store.cache.php updated and reload workers
2014-12-31 23:34:47 /tmp/VirtualShell.store.cache.php updated and reload workers
2014-12-31 23:35:36 /tmp/gateway.store.cache.php updated and reload workers
2014-12-31 23:35:45 /tmp/VirtualShell.store.cache.php updated and reload workers
2014-12-31 23:35:52 /tmp/gateway.store.cache.php updated and reload workers
2014-12-31 23:35:55 /tmp/gateway.store.cache.php updated and reload workers
2014-12-31 23:36:01 /tmp/VirtualShell.store.cache.php updated and reload workers
2014-12-31 23:36:37 /tmp/gateway.store.cache.php updated and reload workers
2014-12-31 23:36:40 /tmp/gateway.store.cache.php updated and reload workers
2014-12-31 23:37:00 /tmp/VirtualShell.store.cache.php updated and reload workers
2014-12-31 23:38:14 /tmp/gateway.store.cache.php updated and reload workers
2014-12-31 23:38:30 /tmp/gateway.store.cache.php updated and reload workers
2014-12-31 23:38:35 /tmp/gateway.store.cache.php updated and reload workers
2014-12-31 23:38:39 /tmp/VirtualShell.store.cache.php updated and reload workers
2014-12-31 23:38:47 /tmp/VirtualShell.store.cache.php updated and reload workers
2014-12-31 23:39:34 /tmp/gateway.store.cache.php updated and reload workers
2014-12-31 23:39:44 /tmp/gateway.store.cache.php updated and reload workers
2014-12-31 23:39:51 /tmp/VirtualShell.store.cache.php updated and reload workers
2014-12-31 23:40:21 /tmp/gateway.store.cache.php updated and reload workers
2014-12-31 23:40:22 /tmp/gateway.store.cache.php updated and reload workers
2014-12-31 23:40:29 /tmp/VirtualShell.store.cache.php updated and reload workers
2014-12-31 23:41:54 /tmp/gateway.store.cache.php updated and reload workers
2014-12-31 23:41:55 /tmp/gateway.store.cache.php updated and reload workers
2014-12-31 23:42:00 /tmp/VirtualShell.store.cache.php updated and reload workers
2014-12-31 23:42:12 /tmp/gateway.store.cache.php updated and reload workers
2014-12-31 23:42:17 /tmp/VirtualShell.store.cache.php updated and reload workers
2014-12-31 23:43:52 Worker[FileMonitor]:terminal closed and reset workers fd
