2014-12-21 19:59:47 Server:Workerman is starting ...
2014-12-21 19:59:48 Server:[1A
[KWorkerman start success ...[0m
2014-12-21 19:59:50 /tmp/gateway.store.cache.php updated and reload workers
2014-12-21 20:00:26 /tmp/gateway.store.cache.php updated and reload workers
2014-12-21 20:01:43 /tmp/gateway.store.cache.php updated and reload workers
2014-12-21 20:02:16 /tmp/gateway.store.cache.php updated and reload workers
2014-12-21 20:02:46 /tmp/gateway.store.cache.php updated and reload workers
2014-12-21 20:02:47 /tmp/gateway.store.cache.php updated and reload workers
2014-12-21 20:04:45 /tmp/gateway.store.cache.php updated and reload workers
2014-12-21 20:04:48 /tmp/gateway.store.cache.php updated and reload workers
2014-12-21 20:06:22 /tmp/gateway.store.cache.php updated and reload workers
2014-12-21 20:06:24 /tmp/gateway.store.cache.php updated and reload workers
2014-12-21 20:06:39 /tmp/gateway.store.cache.php updated and reload workers
2014-12-21 20:17:25 /tmp/gateway.store.cache.php updated and reload workers
2014-12-21 20:26:00 /tmp/gateway.store.cache.php updated and reload workers
2014-12-21 20:26:01 /tmp/gateway.store.cache.php updated and reload workers
2014-12-21 20:26:31 /tmp/gateway.store.cache.php updated and reload workers
2014-12-21 20:26:32 /tmp/gateway.store.cache.php updated and reload workers
2014-12-21 20:26:37 /tmp/gateway.store.cache.php updated and reload workers
2014-12-21 20:32:15 /tmp/gateway.store.cache.php updated and reload workers
2014-12-21 20:32:24 /tmp/gateway.store.cache.php updated and reload workers
2014-12-21 20:32:37 /tmp/gateway.store.cache.php updated and reload workers
2014-12-21 20:33:11 /tmp/gateway.store.cache.php updated and reload workers
2014-12-21 20:33:35 /tmp/gateway.store.cache.php updated and reload workers
2014-12-21 20:34:26 /tmp/gateway.store.cache.php updated and reload workers
2014-12-21 20:34:38 /tmp/gateway.store.cache.php updated and reload workers
2014-12-21 20:35:32 /tmp/gateway.store.cache.php updated and reload workers
2014-12-21 20:36:19 /tmp/gateway.store.cache.php updated and reload workers
2014-12-21 20:36:20 /tmp/gateway.store.cache.php updated and reload workers
2014-12-21 20:36:30 /tmp/gateway.store.cache.php updated and reload workers
2014-12-21 20:38:55 /tmp/gateway.store.cache.php updated and reload workers
2014-12-21 20:39:07 /tmp/gateway.store.cache.php updated and reload workers
2014-12-21 20:39:29 /tmp/gateway.store.cache.php updated and reload workers
2014-12-21 20:40:25 /tmp/gateway.store.cache.php updated and reload workers
2014-12-21 20:40:39 /tmp/gateway.store.cache.php updated and reload workers
2014-12-21 20:41:14 /tmp/gateway.store.cache.php updated and reload workers
2014-12-21 20:41:24 /tmp/gateway.store.cache.php updated and reload workers
2014-12-21 20:42:01 /tmp/gateway.store.cache.php updated and reload workers
2014-12-21 20:42:48 /tmp/gateway.store.cache.php updated and reload workers
2014-12-21 20:42:56 /tmp/gateway.store.cache.php updated and reload workers
2014-12-21 20:43:01 /tmp/gateway.store.cache.php updated and reload workers
2014-12-21 20:43:24 /tmp/gateway.store.cache.php updated and reload workers
2014-12-21 20:43:54 /tmp/gateway.store.cache.php updated and reload workers
2014-12-21 20:44:25 /tmp/gateway.store.cache.php updated and reload workers
2014-12-21 20:45:03 /tmp/gateway.store.cache.php updated and reload workers
2014-12-21 20:51:50 /tmp/gateway.store.cache.php updated and reload workers
2014-12-21 20:52:34 /tmp/gateway.store.cache.php updated and reload workers
2014-12-21 20:52:45 /tmp/gateway.store.cache.php updated and reload workers
2014-12-21 20:52:46 /tmp/gateway.store.cache.php updated and reload workers
2014-12-21 20:54:01 /tmp/gateway.store.cache.php updated and reload workers
2014-12-21 20:55:30 /tmp/gateway.store.cache.php updated and reload workers
2014-12-21 20:55:43 /tmp/gateway.store.cache.php updated and reload workers
2014-12-21 20:55:57 /tmp/gateway.store.cache.php updated and reload workers
2014-12-21 21:08:52 /tmp/gateway.store.cache.php updated and reload workers
2014-12-21 21:08:53 Server:worker[2789:Monitor] exit with status 12
2014-12-21 21:08:53 Server:worker[2781:BusinessWorker] exit with status 12
2014-12-21 21:08:53 Server:worker[2782:BusinessWorker] exit with status 12
2014-12-21 21:08:53 Server:worker[2786:StatisticProvider] exit with status 12
2014-12-21 21:08:53 Server:worker[2790:StatisticWorker] exit with status 12
2014-12-21 21:08:53 Server:worker[2792:BusinessWorker] exit with status 12
2014-12-21 21:08:53 Server:worker[2793:BusinessWorker] exit with status 12
2014-12-21 21:08:53 Server:worker[2794:ChatWeb] exit with status 12
2014-12-21 21:08:53 Server:worker[2796:StatisticWeb] exit with status 12
2014-12-21 21:08:54 Server:worker[9200:BusinessWorker] exit with status 12
2014-12-21 21:08:54 Server:worker[9199:Monitor] exit with status 12
2014-12-21 21:08:54 Server:worker[9201:BusinessWorker] exit with status 12
2014-12-21 21:08:54 Server:worker[9202:StatisticProvider] exit with status 12
2014-12-21 21:08:54 Server:worker[9204:StatisticWorker] exit with status 12
2014-12-21 21:08:54 Server:worker[9206:BusinessWorker] exit with status 12
2014-12-21 21:08:54 Server:worker[9209:BusinessWorker] exit with status 12
2014-12-21 21:08:54 Server:worker[9211:ChatWeb] exit with status 12
2014-12-21 21:08:54 Server:worker[9214:StatisticWeb] exit with status 12
2014-12-21 21:08:55 Server:worker[9239:StatisticWeb] exit with status 12
2014-12-21 21:08:55 Server:worker[9225:BusinessWorker] exit with status 12
2014-12-21 21:08:55 Server:worker[9226:Monitor] exit with status 12
2014-12-21 21:08:55 Server:worker[9227:BusinessWorker] exit with status 12
2014-12-21 21:08:55 Server:worker[9228:StatisticProvider] exit with status 12
2014-12-21 21:08:55 Server:worker[9231:StatisticWorker] exit with status 12
2014-12-21 21:08:55 Server:worker[9232:BusinessWorker] exit with status 12
2014-12-21 21:08:55 Server:worker[9235:BusinessWorker] exit with status 12
2014-12-21 21:08:55 Server:worker[9237:ChatWeb] exit with status 12
2014-12-21 21:08:56 Server:worker[9265:ChatWeb] exit with status 12
2014-12-21 21:08:56 Server:worker[9252:StatisticWeb] exit with status 12
2014-12-21 21:08:56 Server:worker[9253:BusinessWorker] exit with status 12
2014-12-21 21:08:56 Server:worker[9254:Monitor] exit with status 12
2014-12-21 21:08:56 Server:worker[9255:BusinessWorker] exit with status 12
2014-12-21 21:08:56 Server:worker[9258:StatisticProvider] exit with status 12
2014-12-21 21:08:56 Server:worker[9259:StatisticWorker] exit with status 12
2014-12-21 21:08:56 Server:worker[9261:BusinessWorker] exit with status 12
2014-12-21 21:08:56 Server:worker[9264:BusinessWorker] exit with status 12
2014-12-21 21:08:57 Server:worker[9280:ChatWeb] exit with status 12
2014-12-21 21:08:57 Server:worker[9281:StatisticWeb] exit with status 12
2014-12-21 21:08:57 Server:worker[9282:BusinessWorker] exit with status 12
2014-12-21 21:08:57 Server:worker[9283:Monitor] exit with status 12
2014-12-21 21:08:57 Server:worker[9285:BusinessWorker] exit with status 12
2014-12-21 21:08:57 Server:worker[9287:StatisticProvider] exit with status 12
2014-12-21 21:08:57 Server:worker[9292:StatisticWorker] exit with status 12
2014-12-21 21:08:57 Server:worker[9293:BusinessWorker] exit with status 12
2014-12-21 21:08:57 Server:worker[9294:BusinessWorker] exit with status 12
2014-12-21 21:08:58 Server:worker[9307:BusinessWorker] exit with status 12
2014-12-21 21:08:58 Server:worker[9305:ChatWeb] exit with status 12
2014-12-21 21:08:58 Server:worker[9306:StatisticWeb] exit with status 12
2014-12-21 21:08:58 Server:worker[9308:Monitor] exit with status 12
2014-12-21 21:08:58 Server:worker[9311:BusinessWorker] exit with status 12
2014-12-21 21:08:58 Server:worker[9313:StatisticProvider] exit with status 12
2014-12-21 21:08:58 Server:worker[9314:StatisticWorker] exit with status 12
2014-12-21 21:08:58 Server:worker[9317:BusinessWorker] exit with status 12
2014-12-21 21:08:58 Server:worker[9319:BusinessWorker] exit with status 12
2014-12-21 21:08:59 Server:worker[9332:BusinessWorker] exit with status 12
2014-12-21 21:08:59 Server:worker[9333:ChatWeb] exit with status 12
2014-12-21 21:08:59 Server:worker[9335:StatisticWeb] exit with status 12
2014-12-21 21:08:59 Server:worker[9338:Monitor] exit with status 12
2014-12-21 21:08:59 Server:worker[9339:BusinessWorker] exit with status 12
2014-12-21 21:08:59 Server:worker[9340:StatisticProvider] exit with status 12
2014-12-21 21:08:59 Server:worker[9343:StatisticWorker] exit with status 12
2014-12-21 21:08:59 Server:worker[9344:BusinessWorker] exit with status 12
2014-12-21 21:08:59 Server:worker[9345:BusinessWorker] exit with status 12
2014-12-21 21:09:00 Server:worker[9371:BusinessWorker] exit with status 12
2014-12-21 21:09:00 Server:worker[9359:BusinessWorker] exit with status 12
2014-12-21 21:09:00 Server:worker[9361:ChatWeb] exit with status 12
2014-12-21 21:09:00 Server:worker[9363:StatisticWeb] exit with status 12
2014-12-21 21:09:00 Server:worker[9364:Monitor] exit with status 12
2014-12-21 21:09:00 Server:worker[9365:BusinessWorker] exit with status 12
2014-12-21 21:09:00 Server:worker[9367:StatisticProvider] exit with status 12
2014-12-21 21:09:00 Server:worker[9370:StatisticWorker] exit with status 12
2014-12-21 21:09:00 Server:worker[9372:BusinessWorker] exit with status 12
2014-12-21 21:09:01 Server:worker[9391:BusinessWorker] exit with status 12
2014-12-21 21:09:01 Server:worker[9385:BusinessWorker] exit with status 12
2014-12-21 21:09:01 Server:worker[9386:BusinessWorker] exit with status 12
2014-12-21 21:09:01 Server:worker[9387:ChatWeb] exit with status 12
2014-12-21 21:09:01 Server:worker[9388:StatisticWeb] exit with status 12
2014-12-21 21:09:01 Server:worker[9390:Monitor] exit with status 12
2014-12-21 21:09:01 Server:worker[9393:StatisticProvider] exit with status 12
2014-12-21 21:09:01 Server:worker[9396:StatisticWorker] exit with status 12
2014-12-21 21:09:01 Server:worker[9397:BusinessWorker] exit with status 12
2014-12-21 21:09:02 Server:worker[9413:BusinessWorker] exit with status 12
2014-12-21 21:09:02 Server:worker[9414:BusinessWorker] exit with status 12
2014-12-21 21:09:02 Server:worker[9415:BusinessWorker] exit with status 12
2014-12-21 21:09:02 Server:worker[9416:ChatWeb] exit with status 12
2014-12-21 21:09:02 Server:worker[9417:StatisticWeb] exit with status 12
2014-12-21 21:09:02 Server:worker[9420:Monitor] exit with status 12
2014-12-21 21:09:03 Server:worker[9423:StatisticProvider] exit with status 12
2014-12-21 21:09:03 Server:worker[9425:StatisticWorker] exit with status 12
2014-12-21 21:09:03 Server:worker[9426:BusinessWorker] exit with status 12
2014-12-21 21:09:03 Server:worker[9438:BusinessWorker] exit with status 12
2014-12-21 21:09:03 Server:worker[9439:BusinessWorker] exit with status 12
2014-12-21 21:09:03 Server:worker[9441:BusinessWorker] exit with status 12
2014-12-21 21:09:03 Server:worker[9442:ChatWeb] exit with status 12
2014-12-21 21:09:03 Server:worker[9443:StatisticWeb] exit with status 12
2014-12-21 21:09:04 Server:worker[9451:Monitor] exit with status 12
2014-12-21 21:09:04 Server:worker[9452:StatisticProvider] exit with status 12
2014-12-21 21:09:04 Server:worker[9455:StatisticWorker] exit with status 12
2014-12-21 21:09:04 Server:worker[9456:BusinessWorker] exit with status 12
2014-12-21 21:09:04 Server:worker[9457:BusinessWorker] exit with status 12
2014-12-21 21:09:04 Server:worker[9459:BusinessWorker] exit with status 12
2014-12-21 21:09:04 Server:worker[9460:BusinessWorker] exit with status 12
2014-12-21 21:09:04 Server:worker[9464:ChatWeb] exit with status 12
2014-12-21 21:09:04 Server:worker[9465:StatisticWeb] exit with status 12
2014-12-21 21:09:04 Server:worker[9467:Monitor] exit with status 12
2014-12-21 21:09:04 Server:worker[9470:StatisticProvider] exit with status 12
2014-12-21 21:09:05 Server:worker[9481:ChatWeb] exit with status 12
2014-12-21 21:09:05 Server:worker[9474:StatisticWorker] exit with status 12
2014-12-21 21:09:05 Server:worker[9475:BusinessWorker] exit with status 12
2014-12-21 21:09:05 Server:worker[9476:BusinessWorker] exit with status 12
2014-12-21 21:09:05 Server:worker[9477:BusinessWorker] exit with status 12
2014-12-21 21:09:05 Server:worker[9478:BusinessWorker] exit with status 12
2014-12-21 21:09:05 Server:worker[9483:StatisticWeb] exit with status 12
2014-12-21 21:09:05 Server:worker[9485:Monitor] exit with status 12
2014-12-21 21:09:05 Server:worker[9488:StatisticProvider] exit with status 12
2014-12-21 21:09:06 Server:worker[9495:BusinessWorker] exit with status 12
2014-12-21 21:09:06 Server:worker[9493:ChatWeb] exit with status 12
2014-12-21 21:09:06 Server:worker[9494:StatisticWorker] exit with status 12
2014-12-21 21:09:06 Server:worker[9496:BusinessWorker] exit with status 12
2014-12-21 21:09:06 Server:worker[9498:BusinessWorker] exit with status 12
2014-12-21 21:09:06 Server:worker[9501:BusinessWorker] exit with status 12
2014-12-21 21:09:06 Server:worker[9502:StatisticWeb] exit with status 12
2014-12-21 21:09:06 Server:worker[9505:Monitor] exit with status 12
2014-12-21 21:09:06 Server:worker[9507:StatisticProvider] exit with status 12
2014-12-21 21:09:07 Server:worker[9517:BusinessWorker] exit with status 12
2014-12-21 21:09:09 Server:worker[9513:BusinessWorker] exit with status 12
2014-12-21 21:09:09 Server:worker[9514:ChatWeb] exit with status 12
2014-12-21 21:09:09 Server:worker[9515:StatisticWorker] exit with status 12
2014-12-21 21:09:09 Server:worker[9516:BusinessWorker] exit with status 12
2014-12-21 21:09:09 Server:worker[9520:BusinessWorker] exit with status 12
2014-12-21 21:09:09 Server:worker[9521:StatisticWeb] exit with status 12
2014-12-21 21:09:09 Server:worker[9523:Monitor] exit with status 12
2014-12-21 21:09:09 Server:worker[9527:StatisticProvider] exit with status 12
2014-12-21 21:09:09 Server:worker[9536:BusinessWorker] exit with status 12
2014-12-21 21:09:09 Server:worker[9531:BusinessWorker] exit with status 12
2014-12-21 21:09:09 Server:worker[9532:BusinessWorker] exit with status 12
2014-12-21 21:09:09 Server:worker[9533:ChatWeb] exit with status 12
2014-12-21 21:09:09 Server:worker[9534:StatisticWorker] exit with status 12
2014-12-21 21:09:09 Server:worker[9539:BusinessWorker] exit with status 12
2014-12-21 21:09:09 Server:worker[9540:StatisticWeb] exit with status 12
2014-12-21 21:09:09 Server:worker[9542:Monitor] exit with status 12
2014-12-21 21:09:11 Server:worker[9545:StatisticProvider] exit with status 12
2014-12-21 21:09:11 Server:worker[9550:BusinessWorker] exit with status 12
2014-12-21 21:09:11 Server:worker[9551:BusinessWorker] exit with status 12
2014-12-21 21:09:11 Server:worker[9552:BusinessWorker] exit with status 12
2014-12-21 21:09:11 Server:worker[9553:ChatWeb] exit with status 12
2014-12-21 21:09:11 Server:worker[9557:BusinessWorker] exit with status 12
2014-12-21 21:09:11 Server:worker[9559:StatisticWeb] exit with status 12
2014-12-21 21:09:11 Server:worker[9555:StatisticWorker] exit with status 12
2014-12-21 21:09:11 Server:worker[9562:Monitor] exit with status 12
2014-12-21 21:09:11 Server:worker[9563:StatisticProvider] exit with status 12
2014-12-21 21:09:11 Server:worker[9564:BusinessWorker] exit with status 12
2014-12-21 21:09:11 Server:worker[9565:BusinessWorker] exit with status 12
2014-12-21 21:09:15 Server:worker[9567:BusinessWorker] exit with status 12
2014-12-21 21:09:17 Server:worker[9569:ChatWeb] exit with status 12
2014-12-21 21:09:17 Server:worker[9572:BusinessWorker] exit with status 12
2014-12-21 21:09:17 Server:worker[9578:StatisticWeb] exit with status 12
2014-12-21 21:09:17 Server:worker[9579:StatisticWorker] exit with status 12
2014-12-21 21:09:17 Server:worker[9582:Monitor] exit with status 12
2014-12-21 21:09:17 Server:worker[9583:StatisticProvider] exit with status 12
2014-12-21 21:09:17 Server:worker[9584:BusinessWorker] exit with status 12
2014-12-21 21:09:17 Server:worker[9589:BusinessWorker] exit with status 12
2014-12-21 21:09:17 Server:worker[9605:BusinessWorker] exit with status 12
2014-12-21 21:09:17 Server:worker[9592:BusinessWorker] exit with status 12
2014-12-21 21:09:17 Server:worker[9593:ChatWeb] exit with status 12
2014-12-21 21:09:17 Server:worker[9594:BusinessWorker] exit with status 12
2014-12-21 21:09:17 Server:worker[9596:StatisticWeb] exit with status 12
2014-12-21 21:09:17 Server:worker[9597:StatisticWorker] exit with status 12
2014-12-21 21:09:17 Server:worker[9599:Monitor] exit with status 12
2014-12-21 21:09:17 Server:worker[9601:StatisticProvider] exit with status 12
2014-12-21 21:09:17 Server:worker[9606:BusinessWorker] exit with status 12
2014-12-21 21:09:18 Server:worker[9613:BusinessWorker] exit with status 12
2014-12-21 21:09:18 Server:worker[9614:BusinessWorker] exit with status 12
2014-12-21 21:09:20 Server:worker[9615:ChatWeb] exit with status 12
2014-12-21 21:09:20 Server:worker[9616:BusinessWorker] exit with status 12
2014-12-21 21:09:20 Server:worker[9618:StatisticWeb] exit with status 12
2014-12-21 21:09:20 Server:worker[9620:StatisticWorker] exit with status 12
2014-12-21 21:09:20 Server:worker[9622:Monitor] exit with status 12
2014-12-21 21:09:20 Server:worker[9625:StatisticProvider] exit with status 12
2014-12-21 21:09:20 Server:worker[9627:BusinessWorker] exit with status 12
2014-12-21 21:09:20 Server:worker[9633:BusinessWorker] exit with status 12
2014-12-21 21:09:20 Server:worker[9647:BusinessWorker] exit with status 12
2014-12-21 21:09:20 Server:worker[9636:BusinessWorker] exit with status 12
2014-12-21 21:09:20 Server:worker[9637:ChatWeb] exit with status 12
2014-12-21 21:09:20 Server:worker[9638:BusinessWorker] exit with status 12
2014-12-21 21:09:20 Server:worker[9639:StatisticWeb] exit with status 12
2014-12-21 21:09:20 Server:worker[9640:StatisticWorker] exit with status 12
2014-12-21 21:09:20 Server:worker[9643:Monitor] exit with status 12
2014-12-21 21:09:20 Server:worker[9645:StatisticProvider] exit with status 12
2014-12-21 21:09:20 Server:worker[9649:BusinessWorker] exit with status 12
2014-12-21 21:09:21 Server:worker[9656:BusinessWorker] exit with status 12
2014-12-21 21:09:21 Server:worker[9657:BusinessWorker] exit with status 12
2014-12-21 21:09:21 Server:worker[9658:ChatWeb] exit with status 12
2014-12-21 21:09:21 Server:worker[9659:BusinessWorker] exit with status 12
2014-12-21 21:09:21 Server:worker[9661:StatisticWeb] exit with status 12
2014-12-21 21:09:21 Server:worker[9664:StatisticWorker] exit with status 12
2014-12-21 21:09:21 Server:worker[9666:Monitor] exit with status 12
2014-12-21 21:09:21 Server:worker[9667:StatisticProvider] exit with status 12
2014-12-21 21:09:21 Server:worker[9669:BusinessWorker] exit with status 12
2014-12-21 21:11:17 /tmp/gateway.store.cache.php updated and reload workers
2014-12-21 21:11:47 /tmp/gateway.store.cache.php updated and reload workers
2014-12-21 21:21:02 /tmp/gateway.store.cache.php updated and reload workers
2014-12-21 21:21:03 /tmp/gateway.store.cache.php updated and reload workers
2014-12-21 21:22:32 /tmp/gateway.store.cache.php updated and reload workers
2014-12-21 21:22:34 /tmp/gateway.store.cache.php updated and reload workers
2014-12-21 21:23:49 /tmp/gateway.store.cache.php updated and reload workers
2014-12-21 21:26:25 /tmp/gateway.store.cache.php updated and reload workers
2014-12-21 21:26:26 /tmp/gateway.store.cache.php updated and reload workers
2014-12-21 21:26:27 /tmp/gateway.store.cache.php updated and reload workers
2014-12-21 21:26:48 /tmp/gateway.store.cache.php updated and reload workers
2014-12-21 21:26:49 /tmp/gateway.store.cache.php updated and reload workers
2014-12-21 21:26:58 /tmp/gateway.store.cache.php updated and reload workers
2014-12-21 21:30:26 /tmp/gateway.store.cache.php updated and reload workers
2014-12-21 21:33:24 /tmp/gateway.store.cache.php updated and reload workers
2014-12-21 21:33:40 /tmp/gateway.store.cache.php updated and reload workers
2014-12-21 21:33:55 /tmp/gateway.store.cache.php updated and reload workers
2014-12-21 21:33:59 /tmp/gateway.store.cache.php updated and reload workers
2014-12-21 21:34:22 /tmp/gateway.store.cache.php updated and reload workers
2014-12-21 21:35:02 /tmp/gateway.store.cache.php updated and reload workers
2014-12-21 21:36:08 Worker[FileMonitor]:terminal closed and reset workers fd
