2015-02-12 00:15:17 /tmp/gateway.store.cache.php updated and reload workers
2015-02-12 00:15:46 /tmp/gateway.store.cache.php updated and reload workers
2015-02-12 00:15:55 /tmp/gateway.store.cache.php updated and reload workers
2015-02-12 00:17:17 /tmp/gateway.store.cache.php updated and reload workers
2015-02-12 00:18:09 /tmp/gateway.store.cache.php updated and reload workers
2015-02-12 00:18:33 /tmp/gateway.store.cache.php updated and reload workers
2015-02-12 00:18:41 /tmp/gateway.store.cache.php updated and reload workers
2015-02-12 00:29:55 Worker[BusinessWorker]:WORKER EXIT UNEXPECTED  E_WARNING file_get_contents(/var/run/workerman-chat.pid): failed to open stream: No such file or directory in /var/www/html/intelligence_server/websocket/workerman/Core/Lib/Checker.php on line 276
2015-02-12 00:29:55 Worker[BusinessWorker]:WORKER EXIT UNEXPECTED  E_WARNING file_get_contents(/var/run/workerman-chat.pid): failed to open stream: No such file or directory in /var/www/html/intelligence_server/websocket/workerman/Core/Lib/Checker.php on line 276
2015-02-12 00:29:56 /tmp/gateway.store.cache.php updated and reload workers
2015-02-12 00:29:56 Worker[FileMonitor]:terminal closed and reset workers fd
2015-02-12 11:09:52 Server:Workerman is starting ...
2015-02-12 11:09:52 Server:[1A
[KWorkerman start success ...[0m
2015-02-12 11:10:02 /tmp/gateway.store.cache.php updated and reload workers
2015-02-12 11:10:40 /tmp/gateway.store.cache.php updated and reload workers
2015-02-12 11:22:50 /tmp/gateway.store.cache.php updated and reload workers
2015-02-12 11:23:18 /tmp/gateway.store.cache.php updated and reload workers
2015-02-12 11:23:37 /tmp/gateway.store.cache.php updated and reload workers
2015-02-12 11:23:55 /tmp/gateway.store.cache.php updated and reload workers
2015-02-12 11:24:11 /tmp/gateway.store.cache.php updated and reload workers
2015-02-12 11:24:50 /tmp/gateway.store.cache.php updated and reload workers
2015-02-12 11:25:11 /tmp/gateway.store.cache.php updated and reload workers
2015-02-12 11:25:27 /tmp/gateway.store.cache.php updated and reload workers
2015-02-12 11:25:45 /tmp/gateway.store.cache.php updated and reload workers
2015-02-12 11:25:56 /tmp/gateway.store.cache.php updated and reload workers
2015-02-12 11:26:05 /tmp/gateway.store.cache.php updated and reload workers
2015-02-12 11:26:17 /tmp/gateway.store.cache.php updated and reload workers
2015-02-12 11:26:26 /tmp/gateway.store.cache.php updated and reload workers
2015-02-12 11:26:35 /tmp/gateway.store.cache.php updated and reload workers
2015-02-12 11:26:58 /tmp/gateway.store.cache.php updated and reload workers
2015-02-12 11:27:11 /tmp/gateway.store.cache.php updated and reload workers
2015-02-12 11:27:19 /tmp/gateway.store.cache.php updated and reload workers
2015-02-12 11:27:32 /tmp/gateway.store.cache.php updated and reload workers
2015-02-12 11:27:44 /tmp/gateway.store.cache.php updated and reload workers
2015-02-12 11:28:12 /tmp/gateway.store.cache.php updated and reload workers
2015-02-12 11:28:24 /tmp/gateway.store.cache.php updated and reload workers
2015-02-12 11:28:48 /tmp/gateway.store.cache.php updated and reload workers
2015-02-12 11:28:56 /tmp/gateway.store.cache.php updated and reload workers
2015-02-12 11:29:07 /tmp/gateway.store.cache.php updated and reload workers
2015-02-12 11:29:22 /tmp/gateway.store.cache.php updated and reload workers
2015-02-12 11:31:42 /tmp/gateway.store.cache.php updated and reload workers
2015-02-12 11:32:38 /tmp/gateway.store.cache.php updated and reload workers
2015-02-12 11:32:50 /tmp/gateway.store.cache.php updated and reload workers
2015-02-12 11:33:01 /tmp/gateway.store.cache.php updated and reload workers
2015-02-12 11:33:29 /tmp/gateway.store.cache.php updated and reload workers
2015-02-12 11:34:49 /tmp/gateway.store.cache.php updated and reload workers
2015-02-12 11:35:32 /tmp/gateway.store.cache.php updated and reload workers
2015-02-12 11:35:47 /tmp/gateway.store.cache.php updated and reload workers
2015-02-12 11:36:10 /tmp/gateway.store.cache.php updated and reload workers
2015-02-12 11:36:26 /tmp/gateway.store.cache.php updated and reload workers
2015-02-12 11:36:48 /tmp/gateway.store.cache.php updated and reload workers
2015-02-12 11:37:01 /tmp/gateway.store.cache.php updated and reload workers
2015-02-12 11:37:02 /tmp/gateway.store.cache.php updated and reload workers
2015-02-12 11:37:15 /tmp/gateway.store.cache.php updated and reload workers
2015-02-12 11:37:16 /tmp/gateway.store.cache.php updated and reload workers
2015-02-12 11:37:32 /tmp/gateway.store.cache.php updated and reload workers
2015-02-12 11:37:33 /tmp/gateway.store.cache.php updated and reload workers
2015-02-12 11:37:45 /tmp/gateway.store.cache.php updated and reload workers
2015-02-12 11:37:46 /tmp/gateway.store.cache.php updated and reload workers
2015-02-12 11:38:05 /tmp/gateway.store.cache.php updated and reload workers
2015-02-12 11:38:06 /tmp/gateway.store.cache.php updated and reload workers
2015-02-12 11:38:23 /tmp/gateway.store.cache.php updated and reload workers
2015-02-12 11:38:24 /tmp/gateway.store.cache.php updated and reload workers
2015-02-12 11:38:25 /tmp/gateway.store.cache.php updated and reload workers
2015-02-12 11:38:42 /tmp/gateway.store.cache.php updated and reload workers
2015-02-12 11:38:43 /tmp/gateway.store.cache.php updated and reload workers
2015-02-12 11:39:26 /tmp/gateway.store.cache.php updated and reload workers
2015-02-12 11:39:27 /tmp/gateway.store.cache.php updated and reload workers
2015-02-12 11:40:04 /tmp/gateway.store.cache.php updated and reload workers
2015-02-12 11:40:36 /tmp/gateway.store.cache.php updated and reload workers
2015-02-12 11:40:46 /tmp/gateway.store.cache.php updated and reload workers
2015-02-12 11:41:21 /tmp/gateway.store.cache.php updated and reload workers
2015-02-12 11:41:45 /tmp/gateway.store.cache.php updated and reload workers
2015-02-12 11:42:10 /tmp/gateway.store.cache.php updated and reload workers
2015-02-12 11:42:21 /tmp/gateway.store.cache.php updated and reload workers
2015-02-12 11:42:22 /tmp/gateway.store.cache.php updated and reload workers
2015-02-12 11:42:50 /tmp/gateway.store.cache.php updated and reload workers
2015-02-12 11:42:57 /tmp/gateway.store.cache.php updated and reload workers
2015-02-12 11:43:04 /tmp/gateway.store.cache.php updated and reload workers
2015-02-12 11:45:52 /tmp/gateway.store.cache.php updated and reload workers
2015-02-12 11:46:05 /tmp/gateway.store.cache.php updated and reload workers
2015-02-12 11:46:29 /tmp/gateway.store.cache.php updated and reload workers
2015-02-12 11:46:35 /tmp/gateway.store.cache.php updated and reload workers
2015-02-12 11:46:36 /tmp/gateway.store.cache.php updated and reload workers
2015-02-12 11:46:48 /tmp/gateway.store.cache.php updated and reload workers
2015-02-12 11:47:40 /tmp/gateway.store.cache.php updated and reload workers
2015-02-12 11:47:48 /tmp/gateway.store.cache.php updated and reload workers
2015-02-12 15:27:09 /tmp/gateway.store.cache.php updated and reload workers
2015-02-12 15:27:43 /tmp/gateway.store.cache.php updated and reload workers
2015-02-12 15:28:02 /tmp/gateway.store.cache.php updated and reload workers
2015-02-12 15:28:17 /tmp/gateway.store.cache.php updated and reload workers
2015-02-12 15:29:05 /tmp/gateway.store.cache.php updated and reload workers
2015-02-12 15:29:34 /tmp/gateway.store.cache.php updated and reload workers
2015-02-12 15:39:13 /tmp/gateway.store.cache.php updated and reload workers
2015-02-12 15:39:47 /tmp/gateway.store.cache.php updated and reload workers
2015-02-12 15:43:16 /tmp/gateway.store.cache.php updated and reload workers
2015-02-12 15:43:48 /tmp/gateway.store.cache.php updated and reload workers
2015-02-12 15:44:16 /tmp/gateway.store.cache.php updated and reload workers
2015-02-12 15:45:04 /tmp/gateway.store.cache.php updated and reload workers
2015-02-12 15:45:21 /tmp/gateway.store.cache.php updated and reload workers
2015-02-12 15:46:50 /tmp/gateway.store.cache.php updated and reload workers
2015-02-12 15:47:19 /tmp/gateway.store.cache.php updated and reload workers
2015-02-12 15:47:45 /tmp/gateway.store.cache.php updated and reload workers
2015-02-12 15:47:56 /tmp/gateway.store.cache.php updated and reload workers
2015-02-12 15:48:14 /tmp/gateway.store.cache.php updated and reload workers
2015-02-12 15:48:15 /tmp/gateway.store.cache.php updated and reload workers
2015-02-12 15:48:32 /tmp/gateway.store.cache.php updated and reload workers
2015-02-12 15:48:41 /tmp/gateway.store.cache.php updated and reload workers
2015-02-12 15:49:00 /tmp/gateway.store.cache.php updated and reload workers
2015-02-12 15:49:29 /tmp/gateway.store.cache.php updated and reload workers
2015-02-12 15:49:30 /tmp/gateway.store.cache.php updated and reload workers
2015-02-12 15:49:36 /tmp/gateway.store.cache.php updated and reload workers
2015-02-12 15:49:50 /tmp/gateway.store.cache.php updated and reload workers
2015-02-12 15:49:51 /tmp/gateway.store.cache.php updated and reload workers
2015-02-12 16:02:05 /tmp/gateway.store.cache.php updated and reload workers
2015-02-12 16:03:00 /tmp/gateway.store.cache.php updated and reload workers
2015-02-12 16:03:56 /tmp/gateway.store.cache.php updated and reload workers
2015-02-12 16:04:26 /tmp/gateway.store.cache.php updated and reload workers
2015-02-12 16:08:12 /tmp/gateway.store.cache.php updated and reload workers
2015-02-12 16:08:22 /tmp/gateway.store.cache.php updated and reload workers
2015-02-12 16:08:37 /tmp/gateway.store.cache.php updated and reload workers
2015-02-12 16:08:47 /tmp/gateway.store.cache.php updated and reload workers
2015-02-12 16:08:56 /tmp/gateway.store.cache.php updated and reload workers
2015-02-12 16:09:10 /tmp/gateway.store.cache.php updated and reload workers
2015-02-12 16:09:19 /tmp/gateway.store.cache.php updated and reload workers
2015-02-12 16:09:31 /tmp/gateway.store.cache.php updated and reload workers
2015-02-12 16:09:52 /tmp/gateway.store.cache.php updated and reload workers
2015-02-12 16:10:06 /tmp/gateway.store.cache.php updated and reload workers
2015-02-12 16:10:21 /tmp/gateway.store.cache.php updated and reload workers
2015-02-12 16:11:16 /tmp/gateway.store.cache.php updated and reload workers
2015-02-12 16:12:18 /tmp/gateway.store.cache.php updated and reload workers
2015-02-12 16:12:29 /tmp/gateway.store.cache.php updated and reload workers
2015-02-12 16:12:30 /tmp/gateway.store.cache.php updated and reload workers
2015-02-12 16:12:48 /tmp/gateway.store.cache.php updated and reload workers
2015-02-12 16:14:00 /tmp/gateway.store.cache.php updated and reload workers
2015-02-12 16:14:36 /tmp/gateway.store.cache.php updated and reload workers
2015-02-12 16:14:49 /tmp/gateway.store.cache.php updated and reload workers
2015-02-12 16:14:56 /tmp/gateway.store.cache.php updated and reload workers
2015-02-12 16:15:06 /tmp/gateway.store.cache.php updated and reload workers
2015-02-12 16:15:26 /tmp/gateway.store.cache.php updated and reload workers
2015-02-12 16:15:39 /tmp/gateway.store.cache.php updated and reload workers
2015-02-12 16:15:49 /tmp/gateway.store.cache.php updated and reload workers
2015-02-12 16:16:06 /tmp/gateway.store.cache.php updated and reload workers
2015-02-12 16:16:55 /tmp/gateway.store.cache.php updated and reload workers
2015-02-12 16:17:09 /tmp/gateway.store.cache.php updated and reload workers
2015-02-12 16:17:20 /tmp/gateway.store.cache.php updated and reload workers
2015-02-12 16:17:29 /tmp/gateway.store.cache.php updated and reload workers
2015-02-12 16:17:30 /tmp/gateway.store.cache.php updated and reload workers
2015-02-12 16:17:39 /tmp/gateway.store.cache.php updated and reload workers
2015-02-12 16:17:46 /tmp/gateway.store.cache.php updated and reload workers
2015-02-12 16:18:01 /tmp/gateway.store.cache.php updated and reload workers
2015-02-12 16:18:14 /tmp/gateway.store.cache.php updated and reload workers
2015-02-12 16:18:27 /tmp/gateway.store.cache.php updated and reload workers
2015-02-12 16:43:57 /tmp/gateway.store.cache.php updated and reload workers
2015-02-12 16:44:18 /tmp/gateway.store.cache.php updated and reload workers
2015-02-12 16:44:45 /tmp/gateway.store.cache.php updated and reload workers
2015-02-12 16:44:55 /tmp/gateway.store.cache.php updated and reload workers
2015-02-12 16:45:02 /tmp/gateway.store.cache.php updated and reload workers
2015-02-12 16:45:23 /tmp/gateway.store.cache.php updated and reload workers
2015-02-12 16:45:32 /tmp/gateway.store.cache.php updated and reload workers
2015-02-12 16:45:44 /tmp/gateway.store.cache.php updated and reload workers
2015-02-12 16:45:54 /tmp/gateway.store.cache.php updated and reload workers
2015-02-12 16:46:42 /tmp/gateway.store.cache.php updated and reload workers
2015-02-12 16:46:48 /tmp/gateway.store.cache.php updated and reload workers
2015-02-12 16:46:59 /tmp/gateway.store.cache.php updated and reload workers
2015-02-12 16:47:11 /tmp/gateway.store.cache.php updated and reload workers
2015-02-12 17:13:51 /tmp/gateway.store.cache.php updated and reload workers
2015-02-12 17:13:53 /tmp/gateway.store.cache.php updated and reload workers
2015-02-12 17:13:54 /tmp/gateway.store.cache.php updated and reload workers
2015-02-12 17:13:55 /tmp/gateway.store.cache.php updated and reload workers
2015-02-12 17:14:11 /tmp/gateway.store.cache.php updated and reload workers
2015-02-12 17:53:41 /tmp/gateway.store.cache.php updated and reload workers
2015-02-12 17:55:50 /tmp/gateway.store.cache.php updated and reload workers
2015-02-12 17:56:04 /tmp/gateway.store.cache.php updated and reload workers
2015-02-12 17:56:50 /tmp/VirtualShell.store.cache.php updated and reload workers
2015-02-12 17:57:44 /tmp/VirtualShell.store.cache.php updated and reload workers
2015-02-12 21:02:53 /tmp/VirtualShell.store.cache.php updated and reload workers
2015-02-12 21:04:08 /tmp/gateway.store.cache.php updated and reload workers
2015-02-12 21:04:17 /tmp/VirtualShell.store.cache.php updated and reload workers
2015-02-12 21:04:31 /tmp/gateway.store.cache.php updated and reload workers
2015-02-12 21:08:15 /tmp/gateway.store.cache.php updated and reload workers
2015-02-12 21:08:16 Worker[FileMonitor]:terminal closed and reset workers fd
