2014-12-24 19:50:03 Server:Workerman is starting ...
2014-12-24 19:50:03 Server:[1A
[KWorkerman start success ...[0m
2014-12-24 19:50:13 /tmp/gateway.store.cache.php updated and reload workers
2014-12-24 19:50:44 /tmp/gateway.store.cache.php updated and reload workers
2014-12-24 19:51:34 /tmp/gateway.store.cache.php updated and reload workers
2014-12-24 19:53:39 /tmp/gateway.store.cache.php updated and reload workers
2014-12-24 19:53:40 /tmp/gateway.store.cache.php updated and reload workers
2014-12-24 19:53:42 /tmp/gateway.store.cache.php updated and reload workers
2014-12-24 19:53:47 /tmp/gateway.store.cache.php updated and reload workers
2014-12-24 19:53:48 /tmp/gateway.store.cache.php updated and reload workers
2014-12-24 19:54:01 /tmp/gateway.store.cache.php updated and reload workers
2014-12-24 19:55:08 /tmp/gateway.store.cache.php updated and reload workers
2014-12-24 19:55:09 /tmp/gateway.store.cache.php updated and reload workers
2014-12-24 19:55:31 /tmp/gateway.store.cache.php updated and reload workers
2014-12-24 19:55:32 /tmp/gateway.store.cache.php updated and reload workers
2014-12-24 19:55:53 /tmp/gateway.store.cache.php updated and reload workers
2014-12-24 19:56:12 /tmp/gateway.store.cache.php updated and reload workers
2014-12-24 19:56:40 /tmp/gateway.store.cache.php updated and reload workers
2014-12-24 19:56:41 /tmp/gateway.store.cache.php updated and reload workers
2014-12-24 19:57:05 /tmp/gateway.store.cache.php updated and reload workers
2014-12-24 19:57:06 /tmp/gateway.store.cache.php updated and reload workers
2014-12-24 19:57:08 /tmp/gateway.store.cache.php updated and reload workers
2014-12-24 19:57:09 /tmp/gateway.store.cache.php updated and reload workers
2014-12-24 19:57:10 /tmp/gateway.store.cache.php updated and reload workers
2014-12-24 20:00:13 /tmp/gateway.store.cache.php updated and reload workers
2014-12-24 20:00:59 /tmp/gateway.store.cache.php updated and reload workers
2014-12-24 20:04:39 /tmp/gateway.store.cache.php updated and reload workers
2014-12-24 20:05:42 /tmp/gateway.store.cache.php updated and reload workers
2014-12-24 20:05:54 /tmp/gateway.store.cache.php updated and reload workers
2014-12-24 20:07:39 /var/www/html/gd_virtual_shell/websocket/applications/Chat/Event.php updated and reload workers
2014-12-24 20:08:08 /var/www/html/gd_virtual_shell/websocket/applications/Chat/Event.php updated and reload workers
2014-12-24 20:08:10 /var/www/html/gd_virtual_shell/websocket/applications/Chat/Event.php updated and reload workers
2014-12-24 20:08:14 /var/www/html/gd_virtual_shell/websocket/applications/Chat/Event.php updated and reload workers
2014-12-24 20:08:15 /var/www/html/gd_virtual_shell/websocket/applications/Chat/Event.php updated and reload workers
2014-12-24 20:08:22 /var/www/html/gd_virtual_shell/websocket/applications/Chat/Event.php updated and reload workers
2014-12-24 20:08:25 /var/www/html/gd_virtual_shell/websocket/applications/Chat/Event.php updated and reload workers
2014-12-24 20:08:59 /var/www/html/gd_virtual_shell/websocket/applications/Chat/Event.php updated and reload workers
2014-12-24 20:09:31 /var/www/html/gd_virtual_shell/websocket/applications/Chat/Event.php updated and reload workers
2014-12-24 20:10:07 /var/www/html/gd_virtual_shell/websocket/applications/Chat/Event.php updated and reload workers
2014-12-24 20:10:33 /tmp/gateway.store.cache.php updated and reload workers
2014-12-24 20:10:39 /tmp/gateway.store.cache.php updated and reload workers
2014-12-24 20:11:28 /var/www/html/gd_virtual_shell/websocket/applications/Chat/Event.php updated and reload workers
2014-12-24 20:11:37 /tmp/gateway.store.cache.php updated and reload workers
2014-12-24 20:11:42 /tmp/gateway.store.cache.php updated and reload workers
2014-12-24 20:11:45 /tmp/gateway.store.cache.php updated and reload workers
2014-12-24 20:11:53 /tmp/gateway.store.cache.php updated and reload workers
2014-12-24 20:12:26 /var/www/html/gd_virtual_shell/websocket/applications/Chat/Event.php updated and reload workers
2014-12-24 20:12:35 /tmp/gateway.store.cache.php updated and reload workers
2014-12-24 20:12:36 /tmp/gateway.store.cache.php updated and reload workers
2014-12-24 20:12:41 /tmp/gateway.store.cache.php updated and reload workers
2014-12-24 20:12:54 /var/www/html/gd_virtual_shell/websocket/applications/Chat/Event.php updated and reload workers
2014-12-24 20:13:42 /var/www/html/gd_virtual_shell/websocket/applications/Chat/Event.php updated and reload workers
2014-12-24 20:13:52 /var/www/html/gd_virtual_shell/websocket/applications/Chat/Event.php updated and reload workers
2014-12-24 20:13:53 /var/www/html/gd_virtual_shell/websocket/applications/Chat/Event.php updated and reload workers
2014-12-24 20:13:57 /tmp/gateway.store.cache.php updated and reload workers
2014-12-24 20:14:05 /tmp/gateway.store.cache.php updated and reload workers
2014-12-24 20:14:33 /var/www/html/gd_virtual_shell/websocket/applications/Chat/Event.php updated and reload workers
2014-12-24 20:14:42 /tmp/gateway.store.cache.php updated and reload workers
2014-12-24 20:14:46 /tmp/gateway.store.cache.php updated and reload workers
2014-12-24 20:14:58 /tmp/gateway.store.cache.php updated and reload workers
2014-12-24 20:15:33 /var/www/html/gd_virtual_shell/websocket/applications/Chat/Event.php updated and reload workers
2014-12-24 20:15:41 /tmp/gateway.store.cache.php updated and reload workers
2014-12-24 20:15:42 /tmp/gateway.store.cache.php updated and reload workers
2014-12-24 20:15:48 /tmp/gateway.store.cache.php updated and reload workers
2014-12-24 20:16:09 /tmp/VirtualShell.store.cache.php updated and reload workers
2014-12-24 20:16:12 /tmp/gateway.store.cache.php updated and reload workers
2014-12-24 20:16:13 /tmp/gateway.store.cache.php updated and reload workers
2014-12-24 20:16:44 /var/www/html/gd_virtual_shell/websocket/applications/Chat/Event.php updated and reload workers
2014-12-24 20:16:54 /var/www/html/gd_virtual_shell/websocket/applications/Chat/Event.php updated and reload workers
2014-12-24 20:17:00 /var/www/html/gd_virtual_shell/websocket/applications/Chat/Event.php updated and reload workers
2014-12-24 20:17:09 /var/www/html/gd_virtual_shell/websocket/applications/Chat/Event.php updated and reload workers
2014-12-24 20:17:22 /tmp/gateway.store.cache.php updated and reload workers
2014-12-24 20:17:34 /var/www/html/gd_virtual_shell/websocket/applications/Chat/Event.php updated and reload workers
2014-12-24 20:18:06 /tmp/gateway.store.cache.php updated and reload workers
2014-12-24 20:18:24 /tmp/gateway.store.cache.php updated and reload workers
2014-12-24 20:18:30 /tmp/gateway.store.cache.php updated and reload workers
2014-12-24 20:18:41 /tmp/VirtualShell.store.cache.php updated and reload workers
2014-12-24 20:18:42 /tmp/gateway.store.cache.php updated and reload workers
2014-12-24 20:20:20 /tmp/VirtualShell.store.cache.php updated and reload workers
2014-12-24 20:20:52 /var/www/html/gd_virtual_shell/websocket/applications/Chat/Event.php updated and reload workers
2014-12-24 20:21:09 /tmp/VirtualShell.store.cache.php updated and reload workers
2014-12-24 20:22:10 /var/www/html/gd_virtual_shell/websocket/applications/Chat/Event.php updated and reload workers
2014-12-24 20:22:18 /var/www/html/gd_virtual_shell/websocket/applications/Chat/Event.php updated and reload workers
2014-12-24 20:22:19 /var/www/html/gd_virtual_shell/websocket/applications/Chat/Event.php updated and reload workers
2014-12-24 20:22:26 /var/www/html/gd_virtual_shell/websocket/applications/Chat/Event.php updated and reload workers
2014-12-24 20:22:29 /var/www/html/gd_virtual_shell/websocket/applications/Chat/Event.php updated and reload workers
2014-12-24 20:22:45 /tmp/VirtualShell.store.cache.php updated and reload workers
2014-12-24 20:22:59 /tmp/VirtualShell.store.cache.php updated and reload workers
2014-12-24 20:23:11 /tmp/VirtualShell.store.cache.php updated and reload workers
2014-12-24 20:23:28 /tmp/VirtualShell.store.cache.php updated and reload workers
2014-12-24 20:25:26 /tmp/VirtualShell.store.cache.php updated and reload workers
2014-12-24 20:25:59 /tmp/gateway.store.cache.php updated and reload workers
2014-12-24 20:26:00 /tmp/gateway.store.cache.php updated and reload workers
2014-12-24 20:26:20 /var/www/html/gd_virtual_shell/websocket/applications/Chat/Event.php updated and reload workers
2014-12-24 20:26:50 /var/www/html/gd_virtual_shell/websocket/applications/Chat/Event.php updated and reload workers
2014-12-24 20:27:28 /var/www/html/gd_virtual_shell/websocket/applications/Chat/Event.php updated and reload workers
2014-12-24 20:27:43 /var/www/html/gd_virtual_shell/websocket/applications/Chat/Event.php updated and reload workers
2014-12-24 20:27:49 /var/www/html/gd_virtual_shell/websocket/applications/Chat/Event.php updated and reload workers
2014-12-24 20:27:55 /var/www/html/gd_virtual_shell/websocket/applications/Chat/Event.php updated and reload workers
2014-12-24 20:28:19 /var/www/html/gd_virtual_shell/websocket/applications/Chat/Event.php updated and reload workers
2014-12-24 20:28:21 /var/www/html/gd_virtual_shell/websocket/applications/Chat/Event.php updated and reload workers
2014-12-24 20:28:43 /var/www/html/gd_virtual_shell/websocket/applications/Chat/Event.php updated and reload workers
2014-12-24 20:28:44 /var/www/html/gd_virtual_shell/websocket/applications/Chat/Event.php updated and reload workers
2014-12-24 20:28:51 /var/www/html/gd_virtual_shell/websocket/applications/Chat/Event.php updated and reload workers
2014-12-24 20:28:57 /var/www/html/gd_virtual_shell/websocket/applications/Chat/Event.php updated and reload workers
2014-12-24 20:29:20 /var/www/html/gd_virtual_shell/websocket/applications/Chat/Event.php updated and reload workers
2014-12-24 20:30:05 /var/www/html/gd_virtual_shell/websocket/applications/Chat/Event.php updated and reload workers
2014-12-24 20:30:17 /var/www/html/gd_virtual_shell/websocket/applications/Chat/Event.php updated and reload workers
2014-12-24 20:30:18 /var/www/html/gd_virtual_shell/websocket/applications/Chat/Event.php updated and reload workers
2014-12-24 20:30:19 /var/www/html/gd_virtual_shell/websocket/applications/Chat/Event.php updated and reload workers
2014-12-24 20:30:44 /var/www/html/gd_virtual_shell/websocket/applications/Chat/Event.php updated and reload workers
2014-12-24 20:31:23 /var/www/html/gd_virtual_shell/websocket/applications/Chat/Event.php updated and reload workers
2014-12-24 20:32:43 /tmp/gateway.store.cache.php updated and reload workers
2014-12-24 20:32:45 /tmp/gateway.store.cache.php updated and reload workers
2014-12-24 20:32:50 /tmp/gateway.store.cache.php updated and reload workers
2014-12-24 20:33:15 /var/www/html/gd_virtual_shell/websocket/applications/Chat/Event.php updated and reload workers
2014-12-24 20:56:33 Worker[Gateway]:CLIENT_CLOSE
CLIENT_IP:127.0.0.1
BUFFER:['lin@lin-SUTACM:/var/www/html/gd_virtual_shell/python$ ']
 ip:127.0.0.1
2014-12-24 20:56:42 Worker[Gateway]:CLIENT_CLOSE
CLIENT_IP:127.0.0.1
BUFFER:['lin@lin-SUTACM:/var/www/html/gd_virtual_shell/python$ ']
 ip:127.0.0.1
2014-12-24 20:56:46 Worker[Gateway]:CLIENT_CLOSE
CLIENT_IP:127.0.0.1
BUFFER:['lin@lin-SUTACM:/var/www/html/gd_virtual_shell/python$ ']
 ip:127.0.0.1
2014-12-24 20:58:45 Worker[Gateway]:CLIENT_CLOSE
CLIENT_IP:127.0.0.1
BUFFER:['lin@lin-SUTACM:/var/www/html/gd_virtual_shell/python$ ']
 ip:127.0.0.1
2014-12-24 21:00:10 /tmp/gateway.store.cache.php updated and reload workers
2014-12-24 21:00:21 /tmp/gateway.store.cache.php updated and reload workers
2014-12-24 21:00:23 /tmp/gateway.store.cache.php updated and reload workers
2014-12-24 21:00:24 /tmp/gateway.store.cache.php updated and reload workers
2014-12-24 21:01:15 /tmp/gateway.store.cache.php updated and reload workers
2014-12-24 21:01:32 /tmp/VirtualShell.store.cache.php updated and reload workers
2014-12-24 21:01:50 /tmp/VirtualShell.store.cache.php updated and reload workers
2014-12-24 21:02:23 /var/www/html/gd_virtual_shell/websocket/applications/Chat/Event.php updated and reload workers
2014-12-24 21:02:24 /var/www/html/gd_virtual_shell/websocket/applications/Chat/Event.php updated and reload workers
2014-12-24 21:02:33 /tmp/gateway.store.cache.php updated and reload workers
2014-12-24 21:02:50 /tmp/gateway.store.cache.php updated and reload workers
2014-12-24 21:07:15 /tmp/VirtualShell.store.cache.php updated and reload workers
2014-12-24 21:07:34 /tmp/gateway.store.cache.php updated and reload workers
2014-12-24 21:35:23 /tmp/gateway.store.cache.php updated and reload workers
2014-12-24 21:35:31 Worker[FileMonitor]:terminal closed and reset workers fd
