2015-02-07 01:10:56 /tmp/gateway.store.cache.php updated and reload workers
2015-02-07 01:10:58 Worker[FileMonitor]:terminal closed and reset workers fd
2015-02-07 14:37:41 Server:Workerman is starting ...
2015-02-07 14:37:41 Server:[1A
[KWorkerman start success ...[0m
2015-02-07 14:43:25 /tmp/gateway.store.cache.php updated and reload workers
2015-02-07 14:43:29 /tmp/gateway.store.cache.php updated and reload workers
2015-02-07 15:22:20 /tmp/gateway.store.cache.php updated and reload workers
2015-02-07 15:22:23 Worker[FileMonitor]:terminal closed and reset workers fd
2015-02-07 15:22:46 Server:Workerman is shutting down
2015-02-07 15:22:46 Server:Workerman stoped
2015-02-07 15:22:46 Server:Workerman is starting ...
2015-02-07 15:22:47 Server:[1A
[KWorkerman start success ...[0m
2015-02-07 15:25:13 /tmp/gateway.store.cache.php updated and reload workers
2015-02-07 15:25:16 /tmp/gateway.store.cache.php updated and reload workers
2015-02-07 15:25:17 /tmp/group.store.cache.php updated and reload workers
2015-02-07 15:30:04 /tmp/gateway.store.cache.php updated and reload workers
2015-02-07 15:32:30 /tmp/gateway.store.cache.php updated and reload workers
2015-02-07 15:33:35 /tmp/gateway.store.cache.php updated and reload workers
2015-02-07 15:33:36 /tmp/group.store.cache.php updated and reload workers
2015-02-07 15:35:33 /tmp/gateway.store.cache.php updated and reload workers
2015-02-07 15:45:12 /tmp/gateway.store.cache.php updated and reload workers
2015-02-07 15:47:23 /tmp/gateway.store.cache.php updated and reload workers
2015-02-07 15:48:00 /tmp/gateway.store.cache.php updated and reload workers
2015-02-07 15:48:01 /tmp/gateway.store.cache.php updated and reload workers
2015-02-07 15:48:29 /tmp/gateway.store.cache.php updated and reload workers
2015-02-07 15:53:54 /tmp/gateway.store.cache.php updated and reload workers
2015-02-07 16:02:50 /tmp/gateway.store.cache.php updated and reload workers
2015-02-07 16:09:17 /tmp/gateway.store.cache.php updated and reload workers
2015-02-07 16:09:22 /tmp/gateway.store.cache.php updated and reload workers
2015-02-07 16:09:41 /tmp/gateway.store.cache.php updated and reload workers
2015-02-07 16:10:41 /tmp/gateway.store.cache.php updated and reload workers
2015-02-07 16:10:58 /tmp/gateway.store.cache.php updated and reload workers
2015-02-07 16:10:59 /tmp/gateway.store.cache.php updated and reload workers
2015-02-07 16:11:00 /tmp/gateway.store.cache.php updated and reload workers
2015-02-07 16:11:37 /tmp/gateway.store.cache.php updated and reload workers
2015-02-07 16:12:07 /tmp/gateway.store.cache.php updated and reload workers
2015-02-07 16:12:32 /tmp/gateway.store.cache.php updated and reload workers
2015-02-07 16:12:33 /tmp/gateway.store.cache.php updated and reload workers
2015-02-07 16:12:52 /tmp/gateway.store.cache.php updated and reload workers
2015-02-07 16:13:19 /tmp/gateway.store.cache.php updated and reload workers
2015-02-07 16:14:01 /tmp/gateway.store.cache.php updated and reload workers
2015-02-07 16:14:02 /tmp/gateway.store.cache.php updated and reload workers
2015-02-07 16:14:16 /tmp/gateway.store.cache.php updated and reload workers
2015-02-07 17:37:30 /tmp/gateway.store.cache.php updated and reload workers
2015-02-07 17:39:03 /tmp/gateway.store.cache.php updated and reload workers
2015-02-07 17:40:26 /tmp/gateway.store.cache.php updated and reload workers
2015-02-07 17:41:11 /tmp/gateway.store.cache.php updated and reload workers
2015-02-07 17:43:03 /tmp/gateway.store.cache.php updated and reload workers
2015-02-07 17:43:11 /tmp/gateway.store.cache.php updated and reload workers
2015-02-07 17:43:48 /tmp/gateway.store.cache.php updated and reload workers
2015-02-07 17:44:17 /tmp/gateway.store.cache.php updated and reload workers
2015-02-07 19:22:15 /tmp/gateway.store.cache.php updated and reload workers
2015-02-07 19:22:16 /tmp/gateway.store.cache.php updated and reload workers
2015-02-07 19:25:23 /tmp/gateway.store.cache.php updated and reload workers
2015-02-07 19:25:24 /tmp/gateway.store.cache.php updated and reload workers
2015-02-07 19:25:33 /tmp/gateway.store.cache.php updated and reload workers
2015-02-07 19:30:04 /tmp/gateway.store.cache.php updated and reload workers
2015-02-07 19:30:05 /tmp/group.store.cache.php updated and reload workers
2015-02-07 19:58:42 /tmp/gateway.store.cache.php updated and reload workers
2015-02-07 20:10:03 /tmp/gateway.store.cache.php updated and reload workers
2015-02-07 20:12:42 /tmp/gateway.store.cache.php updated and reload workers
2015-02-07 20:12:43 /tmp/group.store.cache.php updated and reload workers
2015-02-07 20:19:02 /tmp/gateway.store.cache.php updated and reload workers
2015-02-07 20:19:03 /tmp/group.store.cache.php updated and reload workers
2015-02-07 20:27:38 /tmp/gateway.store.cache.php updated and reload workers
2015-02-07 20:27:39 /tmp/gateway.store.cache.php updated and reload workers
2015-02-07 20:28:24 /tmp/gateway.store.cache.php updated and reload workers
2015-02-07 20:31:07 /tmp/gateway.store.cache.php updated and reload workers
2015-02-07 21:39:47 /tmp/gateway.store.cache.php updated and reload workers
2015-02-07 22:15:00 /tmp/gateway.store.cache.php updated and reload workers
2015-02-07 22:18:47 /tmp/gateway.store.cache.php updated and reload workers
2015-02-07 22:18:48 /tmp/gateway.store.cache.php updated and reload workers
2015-02-07 22:20:10 /tmp/gateway.store.cache.php updated and reload workers
2015-02-07 22:20:11 /tmp/gateway.store.cache.php updated and reload workers
2015-02-07 22:20:54 /tmp/gateway.store.cache.php updated and reload workers
2015-02-07 22:20:55 /tmp/gateway.store.cache.php updated and reload workers
2015-02-07 22:21:06 /tmp/gateway.store.cache.php updated and reload workers
2015-02-07 22:21:07 /tmp/gateway.store.cache.php updated and reload workers
2015-02-07 22:29:29 /tmp/gateway.store.cache.php updated and reload workers
2015-02-07 22:30:02 /tmp/gateway.store.cache.php updated and reload workers
2015-02-07 22:30:40 /tmp/gateway.store.cache.php updated and reload workers
2015-02-07 22:31:17 /tmp/gateway.store.cache.php updated and reload workers
2015-02-07 22:34:13 /tmp/gateway.store.cache.php updated and reload workers
2015-02-07 23:22:39 /tmp/gateway.store.cache.php updated and reload workers
2015-02-07 23:35:04 /tmp/gateway.store.cache.php updated and reload workers
2015-02-07 23:37:54 /tmp/gateway.store.cache.php updated and reload workers
2015-02-07 23:39:39 /tmp/gateway.store.cache.php updated and reload workers
2015-02-07 23:39:41 /tmp/gateway.store.cache.php updated and reload workers
2015-02-07 23:39:49 /tmp/gateway.store.cache.php updated and reload workers
2015-02-07 23:39:50 /tmp/gateway.store.cache.php updated and reload workers
2015-02-07 23:39:51 /tmp/gateway.store.cache.php updated and reload workers
2015-02-07 23:40:41 /tmp/gateway.store.cache.php updated and reload workers
2015-02-07 23:40:42 /tmp/gateway.store.cache.php updated and reload workers
2015-02-07 23:54:52 /tmp/gateway.store.cache.php updated and reload workers
