2015-03-09 15:16:07 Server:Workerman is starting ...
2015-03-09 15:16:07 Server:[1A
[KWorkerman start success ...[0m
2015-03-09 15:16:10 /tmp/gateway.store.cache.php updated and reload workers
2015-03-09 15:16:12 /tmp/gateway.store.cache.php updated and reload workers
2015-03-09 15:16:13 /tmp/gateway.store.cache.php updated and reload workers
2015-03-09 15:16:21 /tmp/gateway.store.cache.php updated and reload workers
2015-03-09 15:17:44 /tmp/gateway.store.cache.php updated and reload workers
2015-03-09 15:17:48 /tmp/gateway.store.cache.php updated and reload workers
2015-03-09 15:18:21 /tmp/gateway.store.cache.php updated and reload workers
2015-03-09 15:28:38 /tmp/gateway.store.cache.php updated and reload workers
2015-03-09 15:32:36 /tmp/gateway.store.cache.php updated and reload workers
2015-03-09 15:33:19 /tmp/gateway.store.cache.php updated and reload workers
2015-03-09 15:33:54 /tmp/gateway.store.cache.php updated and reload workers
2015-03-09 15:34:41 /tmp/gateway.store.cache.php updated and reload workers
2015-03-09 15:34:58 /tmp/gateway.store.cache.php updated and reload workers
2015-03-09 15:35:23 /tmp/gateway.store.cache.php updated and reload workers
2015-03-09 15:35:35 /tmp/gateway.store.cache.php updated and reload workers
2015-03-09 15:37:52 /tmp/gateway.store.cache.php updated and reload workers
2015-03-09 15:38:10 /tmp/gateway.store.cache.php updated and reload workers
2015-03-09 15:38:21 /tmp/gateway.store.cache.php updated and reload workers
2015-03-09 15:42:24 /tmp/gateway.store.cache.php updated and reload workers
2015-03-09 15:44:48 /tmp/VirtualShell.store.cache.php updated and reload workers
2015-03-09 15:44:58 /tmp/gateway.store.cache.php updated and reload workers
2015-03-09 15:45:03 /tmp/gateway.store.cache.php updated and reload workers
2015-03-09 15:45:08 /tmp/gateway.store.cache.php updated and reload workers
2015-03-09 15:46:08 /tmp/gateway.store.cache.php updated and reload workers
2015-03-09 15:46:16 /tmp/VirtualShell.store.cache.php updated and reload workers
2015-03-09 15:46:22 /tmp/gateway.store.cache.php updated and reload workers
2015-03-09 15:47:05 /tmp/gateway.store.cache.php updated and reload workers
2015-03-09 15:47:14 /tmp/gateway.store.cache.php updated and reload workers
2015-03-09 15:49:12 /tmp/gateway.store.cache.php updated and reload workers
