2015-02-09 00:07:16 /tmp/gateway.store.cache.php updated and reload workers
2015-02-09 00:09:54 Worker[FileMonitor]:terminal closed and reset workers fd
2015-02-09 11:39:15 Server:Workerman is starting ...
2015-02-09 11:39:15 Server:[1A
[KWorkerman start success ...[0m
2015-02-09 11:39:29 /tmp/gateway.store.cache.php updated and reload workers
2015-02-09 11:39:30 /tmp/gateway.store.cache.php updated and reload workers
2015-02-09 11:39:33 /tmp/gateway.store.cache.php updated and reload workers
2015-02-09 11:39:44 /tmp/gateway.store.cache.php updated and reload workers
2015-02-09 11:39:50 /tmp/VirtualShell.store.cache.php updated and reload workers
2015-02-09 11:40:16 /var/www/html/intelligence_server/websocket/applications/Chat/User/VirtualShell.php updated and reload workers
2015-02-09 11:40:27 /var/www/html/intelligence_server/websocket/applications/Chat/User/VirtualShell.php updated and reload workers
2015-02-09 11:40:39 /var/www/html/intelligence_server/websocket/applications/Chat/User/VirtualShell.php updated and reload workers
2015-02-09 11:40:51 /var/www/html/intelligence_server/websocket/applications/Chat/User/VirtualShell.php updated and reload workers
2015-02-09 11:43:16 /var/www/html/intelligence_server/websocket/applications/Chat/User/VirtualShell.php updated and reload workers
2015-02-09 11:44:19 /var/www/html/intelligence_server/websocket/applications/Chat/User/VirtualShell.php updated and reload workers
2015-02-09 11:45:02 /var/www/html/intelligence_server/websocket/applications/Chat/User/VirtualShell.php updated and reload workers
2015-02-09 11:45:43 /var/www/html/intelligence_server/websocket/applications/Chat/User/VirtualShell.php updated and reload workers
2015-02-09 11:46:09 /var/www/html/intelligence_server/websocket/applications/Chat/User/VirtualShell.php updated and reload workers
2015-02-09 11:48:25 /var/www/html/intelligence_server/websocket/applications/Chat/User/VirtualShell.php updated and reload workers
2015-02-09 11:48:29 /var/www/html/intelligence_server/websocket/applications/Chat/User/VirtualShell.php updated and reload workers
2015-02-09 11:48:32 /var/www/html/intelligence_server/websocket/applications/Chat/User/VirtualShell.php updated and reload workers
2015-02-09 11:48:36 /var/www/html/intelligence_server/websocket/applications/Chat/User/VirtualShell.php updated and reload workers
2015-02-09 11:48:55 /var/www/html/intelligence_server/websocket/applications/Chat/User/VirtualShell.php updated and reload workers
2015-02-09 11:49:17 /var/www/html/intelligence_server/websocket/applications/Chat/User/VirtualShell.php updated and reload workers
2015-02-09 11:49:34 /var/www/html/intelligence_server/websocket/applications/Chat/User/VirtualShell.php updated and reload workers
2015-02-09 11:49:45 /var/www/html/intelligence_server/websocket/applications/Chat/User/VirtualShell.php updated and reload workers
2015-02-09 11:49:48 /var/www/html/intelligence_server/websocket/applications/Chat/User/VirtualShell.php updated and reload workers
2015-02-09 11:50:16 /var/www/html/intelligence_server/websocket/applications/Chat/User/VirtualShell.php updated and reload workers
2015-02-09 11:52:40 /var/www/html/intelligence_server/websocket/applications/Chat/User/VirtualShell.php updated and reload workers
2015-02-09 11:53:24 /var/www/html/intelligence_server/websocket/applications/Chat/User/VirtualShell.php updated and reload workers
2015-02-09 11:53:54 /var/www/html/intelligence_server/websocket/applications/Chat/User/VirtualShell.php updated and reload workers
2015-02-09 11:53:59 /var/www/html/intelligence_server/websocket/applications/Chat/User/VirtualShell.php updated and reload workers
2015-02-09 11:54:03 /var/www/html/intelligence_server/websocket/applications/Chat/User/VirtualShell.php updated and reload workers
2015-02-09 11:55:05 /var/www/html/intelligence_server/websocket/applications/Chat/User/VirtualShell.php updated and reload workers
2015-02-09 11:55:08 /var/www/html/intelligence_server/websocket/applications/Chat/User/VirtualShell.php updated and reload workers
2015-02-09 11:55:09 /var/www/html/intelligence_server/websocket/applications/Chat/User/VirtualShell.php updated and reload workers
2015-02-09 11:55:26 /var/www/html/intelligence_server/websocket/applications/Chat/User/VirtualShell.php updated and reload workers
2015-02-09 11:56:06 /var/www/html/intelligence_server/websocket/applications/Chat/User/VirtualShell.php updated and reload workers
2015-02-09 11:56:20 /var/www/html/intelligence_server/websocket/applications/Chat/User/VirtualShell.php updated and reload workers
2015-02-09 11:56:36 /var/www/html/intelligence_server/websocket/applications/Chat/User/VirtualShell.php updated and reload workers
2015-02-09 11:56:56 /var/www/html/intelligence_server/websocket/applications/Chat/User/VirtualShell.php updated and reload workers
2015-02-09 11:57:05 /var/www/html/intelligence_server/websocket/applications/Chat/User/VirtualShell.php updated and reload workers
2015-02-09 11:57:15 /var/www/html/intelligence_server/websocket/applications/Chat/User/VirtualShell.php updated and reload workers
2015-02-09 14:50:57 /var/www/html/intelligence_server/websocket/applications/Chat/User/VirtualShell.php updated and reload workers
2015-02-09 14:51:05 /var/www/html/intelligence_server/websocket/applications/Chat/User/VirtualShell.php updated and reload workers
2015-02-09 14:51:10 /var/www/html/intelligence_server/websocket/applications/Chat/User/VirtualShell.php updated and reload workers
2015-02-09 14:52:49 /var/www/html/intelligence_server/websocket/applications/Chat/User/VirtualShell.php updated and reload workers
2015-02-09 14:53:51 /var/www/html/intelligence_server/websocket/applications/Chat/User/VirtualShell.php updated and reload workers
2015-02-09 14:59:07 /var/www/html/intelligence_server/websocket/applications/Chat/User/VirtualShell.php updated and reload workers
2015-02-09 15:06:36 /var/www/html/intelligence_server/websocket/applications/Chat/User/VirtualShell.php updated and reload workers
2015-02-09 15:06:49 /var/www/html/intelligence_server/websocket/applications/Chat/User/VirtualShell.php updated and reload workers
2015-02-09 15:13:32 /var/www/html/intelligence_server/websocket/applications/Chat/User/VirtualShell.php updated and reload workers
2015-02-09 15:13:47 /var/www/html/intelligence_server/websocket/applications/Chat/Event.php updated and reload workers
2015-02-09 15:18:04 /var/www/html/intelligence_server/websocket/applications/Chat/User/VirtualShell.php updated and reload workers
2015-02-09 15:18:10 /var/www/html/intelligence_server/websocket/applications/Chat/User/VirtualShell.php updated and reload workers
2015-02-09 15:18:37 /var/www/html/intelligence_server/websocket/applications/Chat/User/VirtualShell.php updated and reload workers
2015-02-09 15:19:23 /var/www/html/intelligence_server/websocket/applications/Chat/User/VirtualShell.php updated and reload workers
2015-02-09 15:28:13 /var/www/html/intelligence_server/websocket/applications/Chat/User/VirtualShell.php updated and reload workers
2015-02-09 15:28:24 /var/www/html/intelligence_server/websocket/applications/Chat/User/VirtualShell.php updated and reload workers
2015-02-09 15:28:27 /tmp/gateway.store.cache.php updated and reload workers
2015-02-09 15:29:25 /tmp/gateway.store.cache.php updated and reload workers
2015-02-09 15:29:35 /tmp/VirtualShell.store.cache.php updated and reload workers
2015-02-09 15:29:47 /var/www/html/intelligence_server/websocket/applications/Chat/User/VirtualShell.php updated and reload workers
2015-02-09 15:29:54 /var/www/html/intelligence_server/websocket/applications/Chat/User/VirtualShell.php updated and reload workers
2015-02-09 15:29:59 /var/www/html/intelligence_server/websocket/applications/Chat/User/VirtualShell.php updated and reload workers
2015-02-09 15:30:02 /var/www/html/intelligence_server/websocket/applications/Chat/User/VirtualShell.php updated and reload workers
2015-02-09 15:58:19 /var/www/html/intelligence_server/websocket/applications/Chat/User/VirtualShell.php updated and reload workers
2015-02-09 15:58:59 /var/www/html/intelligence_server/websocket/applications/Chat/User/VirtualShell.php updated and reload workers
2015-02-09 15:59:39 /var/www/html/intelligence_server/websocket/applications/Chat/User/VirtualShell.php updated and reload workers
2015-02-09 16:00:04 Worker[FileMonitor]:terminal closed and reset workers fd
2015-02-09 16:00:16 Server:Workerman is shutting down
2015-02-09 16:00:20 Server:Kill workers 14335 force!
2015-02-09 16:00:20 Server:Kill workers[BusinessWorker] force
2015-02-09 16:00:20 Server:Kill workers 23337 force!
2015-02-09 16:00:20 Server:Kill workers[BusinessWorker] force
2015-02-09 16:00:20 Server:Kill workers 23343 force!
2015-02-09 16:00:20 Server:Kill workers[BusinessWorker] force
2015-02-09 16:00:20 Server:worker[14335:BusinessWorker] exit with status 9
2015-02-09 16:00:20 Server:worker[23337:BusinessWorker] exit with status 9
2015-02-09 16:00:20 Server:worker[23343:BusinessWorker] exit with status 9
2015-02-09 16:00:20 Server:Workerman stoped
2015-02-09 16:00:20 Server:Workerman is starting ...
2015-02-09 16:00:20 can not create socket tcp://127.0.0.1:7373 info:0 Address already in use	Server start fail
2015-02-09 16:00:30 Server:Workerman is starting ...
2015-02-09 16:00:30 can not create socket tcp://127.0.0.1:7373 info:0 Address already in use	Server start fail
2015-02-09 16:00:45 Server:Workerman is starting ...
2015-02-09 16:00:45 can not create socket tcp://127.0.0.1:7373 info:0 Address already in use	Server start fail
2015-02-09 16:01:20 Server:Workerman is starting ...
2015-02-09 16:01:20 can not create socket tcp://127.0.0.1:7373 info:0 Address already in use	Server start fail
2015-02-09 16:01:56 Server:Workerman is starting ...
2015-02-09 16:01:57 can not create socket tcp://127.0.0.1:7373 info:0 Address already in use	Server start fail
2015-02-09 16:02:55 Server:Workerman is starting ...
2015-02-09 16:02:55 can not create socket tcp://127.0.0.1:7373 info:0 Address already in use	Server start fail
2015-02-09 16:03:13 Server:Workerman is starting ...
2015-02-09 16:03:13 Server:[1A
[KWorkerman start success ...[0m
2015-02-09 16:03:23 /tmp/gateway.store.cache.php updated and reload workers
2015-02-09 16:03:32 /tmp/gateway.store.cache.php updated and reload workers
2015-02-09 16:03:38 /tmp/VirtualShell.store.cache.php updated and reload workers
2015-02-09 16:03:59 /var/www/html/intelligence_server/websocket/applications/Chat/User/VirtualShell.php updated and reload workers
2015-02-09 16:04:04 /var/www/html/intelligence_server/websocket/applications/Chat/User/VirtualShell.php updated and reload workers
2015-02-09 16:47:00 /var/www/html/intelligence_server/websocket/applications/Chat/Event.php updated and reload workers
2015-02-09 16:47:09 /var/www/html/intelligence_server/websocket/applications/Chat/Event.php updated and reload workers
2015-02-09 16:47:14 /var/www/html/intelligence_server/websocket/applications/Chat/User/VirtualShell.php updated and reload workers
2015-02-09 16:47:34 /var/www/html/intelligence_server/websocket/applications/Chat/User/VirtualShell.php updated and reload workers
2015-02-09 16:47:39 /var/www/html/intelligence_server/websocket/applications/Chat/Event.php updated and reload workers
2015-02-09 16:47:42 /var/www/html/intelligence_server/websocket/applications/Chat/User/VirtualShell.php updated and reload workers
2015-02-09 16:47:45 /var/www/html/intelligence_server/websocket/applications/Chat/User/VirtualShell.php updated and reload workers
2015-02-09 16:48:33 /var/www/html/intelligence_server/websocket/applications/Chat/User/VirtualShell.php updated and reload workers
2015-02-09 16:48:38 /var/www/html/intelligence_server/websocket/applications/Chat/User/VirtualShell.php updated and reload workers
2015-02-09 16:48:46 /var/www/html/intelligence_server/websocket/applications/Chat/User/VirtualShell.php updated and reload workers
2015-02-09 16:50:16 /var/www/html/intelligence_server/websocket/applications/Chat/User/VirtualShell.php updated and reload workers
2015-02-09 16:50:20 /var/www/html/intelligence_server/websocket/applications/Chat/User/VirtualShell.php updated and reload workers
2015-02-09 16:50:47 /var/www/html/intelligence_server/websocket/applications/Chat/User/VirtualShell.php updated and reload workers
2015-02-09 16:51:19 /var/www/html/intelligence_server/websocket/applications/Chat/User/VirtualShell.php updated and reload workers
2015-02-09 16:51:52 /var/www/html/intelligence_server/websocket/applications/Chat/User/VirtualShell.php updated and reload workers
2015-02-09 16:51:57 /tmp/gateway.store.cache.php updated and reload workers
2015-02-09 16:51:58 /tmp/gateway.store.cache.php updated and reload workers
2015-02-09 16:52:06 /tmp/gateway.store.cache.php updated and reload workers
2015-02-09 16:52:13 /tmp/VirtualShell.store.cache.php updated and reload workers
2015-02-09 16:52:28 /var/www/html/intelligence_server/websocket/applications/Chat/Event.php updated and reload workers
2015-02-09 16:52:41 /var/www/html/intelligence_server/websocket/applications/Chat/User/VirtualShell.php updated and reload workers
2015-02-09 16:52:47 /var/www/html/intelligence_server/websocket/applications/Chat/User/VirtualShell.php updated and reload workers
2015-02-09 16:53:07 /var/www/html/intelligence_server/websocket/applications/Chat/User/VirtualShell.php updated and reload workers
2015-02-09 16:53:09 /var/www/html/intelligence_server/websocket/applications/Chat/User/VirtualShell.php updated and reload workers
2015-02-09 16:53:22 /tmp/gateway.store.cache.php updated and reload workers
2015-02-09 16:53:28 /tmp/gateway.store.cache.php updated and reload workers
2015-02-09 16:53:41 /tmp/VirtualShell.store.cache.php updated and reload workers
2015-02-09 16:59:27 /var/www/html/intelligence_server/websocket/applications/Chat/User/VirtualShell.php updated and reload workers
2015-02-09 17:00:45 /var/www/html/intelligence_server/websocket/applications/Chat/User/VirtualShell.php updated and reload workers
2015-02-09 17:01:29 /var/www/html/intelligence_server/websocket/applications/Chat/User/VirtualShell.php updated and reload workers
2015-02-09 17:01:36 /tmp/gateway.store.cache.php updated and reload workers
2015-02-09 17:01:45 /tmp/gateway.store.cache.php updated and reload workers
2015-02-09 17:01:50 /tmp/VirtualShell.store.cache.php updated and reload workers
2015-02-09 17:02:36 /tmp/gateway.store.cache.php updated and reload workers
2015-02-09 17:16:10 /var/www/html/intelligence_server/websocket/applications/Chat/User/VirtualShell.php updated and reload workers
2015-02-09 17:16:21 /var/www/html/intelligence_server/websocket/applications/Chat/User/VirtualShell.php updated and reload workers
2015-02-09 17:16:51 /var/www/html/intelligence_server/websocket/applications/Chat/User/VirtualShell.php updated and reload workers
2015-02-09 17:17:16 /var/www/html/intelligence_server/websocket/applications/Chat/User/VirtualShell.php updated and reload workers
2015-02-09 17:17:22 /var/www/html/intelligence_server/websocket/applications/Chat/User/VirtualShell.php updated and reload workers
2015-02-09 17:17:58 /var/www/html/intelligence_server/websocket/applications/Chat/User/VirtualShell.php updated and reload workers
2015-02-09 17:18:00 /var/www/html/intelligence_server/websocket/applications/Chat/User/VirtualShell.php updated and reload workers
2015-02-09 17:18:21 /var/www/html/intelligence_server/websocket/applications/Chat/User/VirtualShell.php updated and reload workers
2015-02-09 17:18:37 /var/www/html/intelligence_server/websocket/applications/Chat/User/VirtualShell.php updated and reload workers
2015-02-09 17:18:43 /var/www/html/intelligence_server/websocket/applications/Chat/User/VirtualShell.php updated and reload workers
2015-02-09 17:18:49 /var/www/html/intelligence_server/websocket/applications/Chat/User/VirtualShell.php updated and reload workers
2015-02-09 17:19:00 /var/www/html/intelligence_server/websocket/applications/Chat/User/VirtualShell.php updated and reload workers
2015-02-09 17:19:15 /var/www/html/intelligence_server/websocket/applications/Chat/User/VirtualShell.php updated and reload workers
2015-02-09 17:19:21 /var/www/html/intelligence_server/websocket/applications/Chat/User/VirtualShell.php updated and reload workers
2015-02-09 17:19:53 /var/www/html/intelligence_server/websocket/applications/Chat/User/VirtualShell.php updated and reload workers
2015-02-09 17:19:57 /var/www/html/intelligence_server/websocket/applications/Chat/User/VirtualShell.php updated and reload workers
2015-02-09 17:19:58 /var/www/html/intelligence_server/websocket/applications/Chat/User/VirtualShell.php updated and reload workers
2015-02-09 17:19:59 /var/www/html/intelligence_server/websocket/applications/Chat/User/VirtualShell.php updated and reload workers
2015-02-09 17:20:13 /var/www/html/intelligence_server/websocket/applications/Chat/User/VirtualShell.php updated and reload workers
2015-02-09 17:20:21 /var/www/html/intelligence_server/websocket/applications/Chat/User/VirtualShell.php updated and reload workers
2015-02-09 17:20:30 /var/www/html/intelligence_server/websocket/applications/Chat/User/VirtualShell.php updated and reload workers
2015-02-09 17:20:55 /var/www/html/intelligence_server/websocket/applications/Chat/User/VirtualShell.php updated and reload workers
2015-02-09 17:22:02 /var/www/html/intelligence_server/websocket/applications/Chat/User/VirtualShell.php updated and reload workers
2015-02-09 17:22:04 /var/www/html/intelligence_server/websocket/applications/Chat/User/VirtualShell.php updated and reload workers
2015-02-09 17:22:06 /var/www/html/intelligence_server/websocket/applications/Chat/User/VirtualShell.php updated and reload workers
2015-02-09 17:31:17 /var/www/html/intelligence_server/websocket/applications/Chat/User/VirtualShell.php updated and reload workers
2015-02-09 17:31:22 /var/www/html/intelligence_server/websocket/applications/Chat/User/VirtualShell.php updated and reload workers
2015-02-09 17:31:30 /var/www/html/intelligence_server/websocket/applications/Chat/User/VirtualShell.php updated and reload workers
2015-02-09 17:31:33 /var/www/html/intelligence_server/websocket/applications/Chat/User/VirtualShell.php updated and reload workers
2015-02-09 17:31:49 /var/www/html/intelligence_server/websocket/applications/Chat/User/VirtualShell.php updated and reload workers
2015-02-09 17:31:54 /var/www/html/intelligence_server/websocket/applications/Chat/User/VirtualShell.php updated and reload workers
2015-02-09 17:32:19 /var/www/html/intelligence_server/websocket/applications/Chat/User/VirtualShell.php updated and reload workers
2015-02-09 17:32:24 /var/www/html/intelligence_server/websocket/applications/Chat/User/VirtualShell.php updated and reload workers
2015-02-09 17:32:37 /var/www/html/intelligence_server/websocket/applications/Chat/User/VirtualShell.php updated and reload workers
2015-02-09 17:33:11 /var/www/html/intelligence_server/websocket/applications/Chat/User/VirtualShell.php updated and reload workers
2015-02-09 17:33:14 /var/www/html/intelligence_server/websocket/applications/Chat/User/VirtualShell.php updated and reload workers
2015-02-09 17:34:59 /var/www/html/intelligence_server/websocket/applications/Chat/User/VirtualShell.php updated and reload workers
2015-02-09 17:35:04 /var/www/html/intelligence_server/websocket/applications/Chat/User/VirtualShell.php updated and reload workers
2015-02-09 21:32:23 /var/www/html/intelligence_server/websocket/applications/Chat/User/VirtualShell.php updated and reload workers
2015-02-09 21:32:39 /var/www/html/intelligence_server/websocket/applications/Chat/User/VirtualShell.php updated and reload workers
2015-02-09 21:32:58 /tmp/VirtualShellExec.store.cache.php updated and reload workers
2015-02-09 21:33:00 /tmp/VirtualShellExec.store.cache.php updated and reload workers
2015-02-09 21:33:11 /tmp/VirtualShellExec.store.cache.php updated and reload workers
2015-02-09 21:33:27 /var/www/html/intelligence_server/websocket/applications/Chat/User/VirtualShell.php updated and reload workers
2015-02-09 21:33:30 /tmp/VirtualShellExec.store.cache.php updated and reload workers
2015-02-09 21:33:39 /tmp/VirtualShellExec.store.cache.php updated and reload workers
2015-02-09 21:37:41 /var/www/html/intelligence_server/websocket/applications/Chat/User/VirtualShell.php updated and reload workers
2015-02-09 21:38:00 /tmp/VirtualShellExec.store.cache.php updated and reload workers
2015-02-09 21:38:05 /tmp/VirtualShellExec.store.cache.php updated and reload workers
2015-02-09 21:42:25 /var/www/html/intelligence_server/websocket/applications/Chat/User/VirtualShell.php updated and reload workers
2015-02-09 21:42:33 /tmp/VirtualShellExec.store.cache.php updated and reload workers
2015-02-09 21:42:38 /tmp/VirtualShellExec.store.cache.php updated and reload workers
2015-02-09 21:42:39 /tmp/VirtualShellExec.store.cache.php updated and reload workers
2015-02-09 21:42:40 /tmp/VirtualShellExec.store.cache.php updated and reload workers
2015-02-09 21:42:41 /tmp/VirtualShellExec.store.cache.php updated and reload workers
2015-02-09 21:42:46 /tmp/VirtualShellExec.store.cache.php updated and reload workers
2015-02-09 21:42:56 /tmp/VirtualShellExec.store.cache.php updated and reload workers
2015-02-09 21:51:41 /var/www/html/intelligence_server/websocket/applications/Chat/User/VirtualShell.php updated and reload workers
2015-02-09 21:51:55 /tmp/VirtualShellExec.store.cache.php updated and reload workers
2015-02-09 21:51:57 /tmp/VirtualShellExec.store.cache.php updated and reload workers
2015-02-09 21:52:01 /tmp/VirtualShellExec.store.cache.php updated and reload workers
2015-02-09 21:52:08 /tmp/VirtualShellExec.store.cache.php updated and reload workers
2015-02-09 21:52:25 /var/www/html/intelligence_server/websocket/applications/Chat/User/VirtualShell.php updated and reload workers
2015-02-09 21:52:29 /var/www/html/intelligence_server/websocket/applications/Chat/User/VirtualShell.php updated and reload workers
2015-02-09 21:52:34 /tmp/VirtualShellExec.store.cache.php updated and reload workers
2015-02-09 21:52:36 /tmp/VirtualShellExec.store.cache.php updated and reload workers
2015-02-09 21:52:50 /var/www/html/intelligence_server/websocket/applications/Chat/User/VirtualShell.php updated and reload workers
2015-02-09 21:52:53 /var/www/html/intelligence_server/websocket/applications/Chat/User/VirtualShell.php updated and reload workers
2015-02-09 21:52:59 /var/www/html/intelligence_server/websocket/applications/Chat/User/VirtualShell.php updated and reload workers
2015-02-09 21:53:04 /tmp/VirtualShellExec.store.cache.php updated and reload workers
2015-02-09 21:53:14 /tmp/VirtualShellExec.store.cache.php updated and reload workers
2015-02-09 21:53:16 /tmp/VirtualShellExec.store.cache.php updated and reload workers
2015-02-09 22:05:49 /var/www/html/intelligence_server/websocket/applications/Chat/User/VirtualShell.php updated and reload workers
2015-02-09 22:06:07 /var/www/html/intelligence_server/websocket/applications/Chat/User/VirtualShell.php updated and reload workers
2015-02-09 22:06:17 /var/www/html/intelligence_server/websocket/applications/Chat/User/VirtualShell.php updated and reload workers
2015-02-09 22:06:29 /tmp/VirtualShellExec.store.cache.php updated and reload workers
2015-02-09 22:06:30 /tmp/VirtualShellExec.store.cache.php updated and reload workers
2015-02-09 22:06:31 /tmp/VirtualShellExec.store.cache.php updated and reload workers
2015-02-09 22:06:32 /tmp/VirtualShellExec.store.cache.php updated and reload workers
2015-02-09 22:06:35 /tmp/VirtualShellExec.store.cache.php updated and reload workers
2015-02-09 22:06:51 /var/www/html/intelligence_server/websocket/applications/Chat/User/VirtualShell.php updated and reload workers
2015-02-09 22:07:00 /var/www/html/intelligence_server/websocket/applications/Chat/User/VirtualShell.php updated and reload workers
2015-02-09 22:11:16 /var/www/html/intelligence_server/websocket/applications/Chat/User/VirtualShell.php updated and reload workers
2015-02-09 22:20:22 /var/www/html/intelligence_server/websocket/applications/Chat/User/VirtualShell.php updated and reload workers
2015-02-09 22:20:33 /tmp/VirtualShellExec.store.cache.php updated and reload workers
2015-02-09 22:20:35 /tmp/VirtualShellExec.store.cache.php updated and reload workers
2015-02-09 22:29:45 /var/www/html/intelligence_server/websocket/applications/Chat/User/VirtualShell.php updated and reload workers
2015-02-09 22:29:54 /var/www/html/intelligence_server/websocket/applications/Chat/User/VirtualShell.php updated and reload workers
2015-02-09 22:29:59 /var/www/html/intelligence_server/websocket/applications/Chat/User/VirtualShell.php updated and reload workers
2015-02-09 22:30:27 /var/www/html/intelligence_server/websocket/applications/Chat/User/VirtualShell.php updated and reload workers
2015-02-09 22:30:32 /var/www/html/intelligence_server/websocket/applications/Chat/User/VirtualShell.php updated and reload workers
2015-02-09 22:30:36 /var/www/html/intelligence_server/websocket/applications/Chat/User/VirtualShell.php updated and reload workers
2015-02-09 22:30:58 /var/www/html/intelligence_server/websocket/applications/Chat/User/VirtualShell.php updated and reload workers
2015-02-09 22:33:34 /var/www/html/intelligence_server/websocket/applications/Chat/User/VirtualShell.php updated and reload workers
2015-02-09 22:33:49 /tmp/VirtualShellExec.store.cache.php updated and reload workers
2015-02-09 22:33:50 /tmp/VirtualShellExec.store.cache.php updated and reload workers
2015-02-09 22:33:51 /tmp/VirtualShellExec.store.cache.php updated and reload workers
2015-02-09 22:33:52 /tmp/VirtualShellExec.store.cache.php updated and reload workers
2015-02-09 22:33:54 /tmp/VirtualShellExec.store.cache.php updated and reload workers
2015-02-09 22:34:01 /tmp/VirtualShellExec.store.cache.php updated and reload workers
2015-02-09 23:21:46 /var/www/html/intelligence_server/websocket/applications/Chat/User/VirtualShell.php updated and reload workers
2015-02-09 23:21:48 /var/www/html/intelligence_server/websocket/applications/Chat/User/VirtualShell.php updated and reload workers
2015-02-09 23:21:54 /var/www/html/intelligence_server/websocket/applications/Chat/User/VirtualShell.php updated and reload workers
2015-02-09 23:22:25 /var/www/html/intelligence_server/websocket/applications/Chat/User/VirtualShell.php updated and reload workers
2015-02-09 23:22:43 /var/www/html/intelligence_server/websocket/applications/Chat/User/VirtualShell.php updated and reload workers
2015-02-09 23:23:30 /var/www/html/intelligence_server/websocket/applications/Chat/User/VirtualShell.php updated and reload workers
2015-02-09 23:23:43 /var/www/html/intelligence_server/websocket/applications/Chat/User/VirtualShell.php updated and reload workers
2015-02-09 23:23:56 /var/www/html/intelligence_server/websocket/applications/Chat/User/VirtualShell.php updated and reload workers
2015-02-09 23:24:39 /var/www/html/intelligence_server/websocket/applications/Chat/User/VirtualShell.php updated and reload workers
2015-02-09 23:25:13 /var/www/html/intelligence_server/websocket/applications/Chat/User/VirtualShell.php updated and reload workers
2015-02-09 23:25:32 /var/www/html/intelligence_server/websocket/applications/Chat/User/VirtualShell.php updated and reload workers
2015-02-09 23:25:36 /var/www/html/intelligence_server/websocket/applications/Chat/User/VirtualShell.php updated and reload workers
2015-02-09 23:26:04 /var/www/html/intelligence_server/websocket/applications/Chat/User/VirtualShell.php updated and reload workers
2015-02-09 23:26:06 /var/www/html/intelligence_server/websocket/applications/Chat/User/VirtualShell.php updated and reload workers
2015-02-09 23:26:53 /var/www/html/intelligence_server/websocket/applications/Chat/User/VirtualShell.php updated and reload workers
2015-02-09 23:26:56 /var/www/html/intelligence_server/websocket/applications/Chat/User/VirtualShell.php updated and reload workers
2015-02-09 23:26:58 /var/www/html/intelligence_server/websocket/applications/Chat/User/VirtualShell.php updated and reload workers
2015-02-09 23:27:17 /var/www/html/intelligence_server/websocket/applications/Chat/User/VirtualShell.php updated and reload workers
2015-02-09 23:27:42 /var/www/html/intelligence_server/websocket/applications/Chat/User/VirtualShell.php updated and reload workers
2015-02-09 23:28:01 /var/www/html/intelligence_server/websocket/applications/Chat/User/VirtualShell.php updated and reload workers
2015-02-09 23:28:38 /var/www/html/intelligence_server/websocket/applications/Chat/User/VirtualShell.php updated and reload workers
2015-02-09 23:29:06 /var/www/html/intelligence_server/websocket/applications/Chat/User/VirtualShell.php updated and reload workers
2015-02-09 23:29:13 /var/www/html/intelligence_server/websocket/applications/Chat/User/VirtualShell.php updated and reload workers
2015-02-09 23:30:55 /var/www/html/intelligence_server/websocket/applications/Chat/User/VirtualShell.php updated and reload workers
2015-02-09 23:36:26 /tmp/gateway.store.cache.php updated and reload workers
2015-02-09 23:36:31 /tmp/gateway.store.cache.php updated and reload workers
2015-02-09 23:36:32 /tmp/gateway.store.cache.php updated and reload workers
2015-02-09 23:36:36 Worker[BusinessWorker]:WORKER EXIT UNEXPECTED   require(): Failed opening required 'php_python.php' (include_path='.:/usr/share/php:/usr/share/pear') in /var/www/html/intelligence_server/websocket/applications/Chat/User/VirtualShell.php on line 11
2015-02-09 23:36:36 Server:worker[28472:BusinessWorker] exit with status 65280
2015-02-09 23:36:52 /var/www/html/intelligence_server/websocket/applications/Chat/User/VirtualShell.php updated and reload workers
2015-02-09 23:37:01 /tmp/gateway.store.cache.php updated and reload workers
2015-02-09 23:37:07 /tmp/VirtualShell.store.cache.php updated and reload workers
2015-02-09 23:41:56 /var/www/html/intelligence_server/websocket/applications/Chat/User/VirtualShell.php updated and reload workers
2015-02-09 23:41:59 /var/www/html/intelligence_server/websocket/applications/Chat/User/VirtualShell.php updated and reload workers
2015-02-09 23:42:05 /var/www/html/intelligence_server/websocket/applications/Chat/User/VirtualShell.php updated and reload workers
2015-02-09 23:42:31 /var/www/html/intelligence_server/websocket/applications/Chat/User/VirtualShell.php updated and reload workers
2015-02-09 23:42:34 /var/www/html/intelligence_server/websocket/applications/Chat/User/VirtualShell.php updated and reload workers
2015-02-09 23:47:24 /tmp/gateway.store.cache.php updated and reload workers
2015-02-09 23:47:30 /tmp/gateway.store.cache.php updated and reload workers
2015-02-09 23:47:37 /tmp/VirtualShell.store.cache.php updated and reload workers
2015-02-09 23:50:22 /var/www/html/intelligence_server/websocket/applications/Chat/User/VirtualShell.php updated and reload workers
2015-02-09 23:50:35 /var/www/html/intelligence_server/websocket/applications/Chat/User/VirtualShell.php updated and reload workers
2015-02-09 23:50:37 /var/www/html/intelligence_server/websocket/applications/Chat/User/VirtualShell.php updated and reload workers
2015-02-09 23:50:45 /tmp/gateway.store.cache.php updated and reload workers
2015-02-09 23:50:50 /tmp/gateway.store.cache.php updated and reload workers
2015-02-09 23:50:59 /tmp/VirtualShell.store.cache.php updated and reload workers
2015-02-09 23:51:45 /tmp/gateway.store.cache.php updated and reload workers
2015-02-09 23:53:08 /tmp/gateway.store.cache.php updated and reload workers
2015-02-09 23:53:13 /tmp/gateway.store.cache.php updated and reload workers
2015-02-09 23:53:26 /tmp/VirtualShell.store.cache.php updated and reload workers
2015-02-09 23:54:00 /var/www/html/intelligence_server/websocket/applications/Chat/User/VirtualShell.php updated and reload workers
2015-02-09 23:54:01 /var/www/html/intelligence_server/websocket/applications/Chat/User/VirtualShell.php updated and reload workers
2015-02-09 23:54:41 /var/www/html/intelligence_server/websocket/applications/Chat/User/VirtualShell.php updated and reload workers
2015-02-09 23:54:45 /var/www/html/intelligence_server/websocket/applications/Chat/User/VirtualShell.php updated and reload workers
2015-02-09 23:55:12 /var/www/html/intelligence_server/websocket/applications/Chat/User/VirtualShell.php updated and reload workers
2015-02-09 23:55:24 /var/www/html/intelligence_server/websocket/applications/Chat/User/VirtualShell.php updated and reload workers
2015-02-09 23:55:50 /var/www/html/intelligence_server/websocket/applications/Chat/User/VirtualShell.php updated and reload workers
2015-02-09 23:55:52 /var/www/html/intelligence_server/websocket/applications/Chat/User/VirtualShell.php updated and reload workers
2015-02-09 23:55:54 /var/www/html/intelligence_server/websocket/applications/Chat/User/VirtualShell.php updated and reload workers
2015-02-09 23:56:03 /var/www/html/intelligence_server/websocket/applications/Chat/User/VirtualShell.php updated and reload workers
2015-02-09 23:57:24 /tmp/gateway.store.cache.php updated and reload workers
2015-02-09 23:57:29 /tmp/gateway.store.cache.php updated and reload workers
2015-02-09 23:57:37 /tmp/VirtualShell.store.cache.php updated and reload workers
2015-02-09 23:59:15 /var/www/html/intelligence_server/websocket/applications/Chat/User/VirtualShell.php updated and reload workers
2015-02-09 23:59:28 /var/www/html/intelligence_server/websocket/applications/Chat/User/VirtualShell.php updated and reload workers
