2015-02-11 19:47:36 Server:Workerman is starting ...
2015-02-11 19:47:36 Server:[1A
[KWorkerman start success ...[0m
2015-02-11 19:57:32 /tmp/gateway.store.cache.php updated and reload workers
2015-02-11 19:57:36 /tmp/gateway.store.cache.php updated and reload workers
2015-02-11 19:57:44 /tmp/VirtualShell.store.cache.php updated and reload workers
2015-02-11 19:58:19 /tmp/gateway.store.cache.php updated and reload workers
2015-02-11 19:58:37 /tmp/VirtualShell.store.cache.php updated and reload workers
2015-02-11 19:59:38 /tmp/gateway.store.cache.php updated and reload workers
2015-02-11 19:59:39 /tmp/gateway.store.cache.php updated and reload workers
2015-02-11 19:59:55 /tmp/gateway.store.cache.php updated and reload workers
2015-02-11 20:00:02 /tmp/VirtualShell.store.cache.php updated and reload workers
2015-02-11 20:00:10 /tmp/VirtualShell.store.cache.php updated and reload workers
2015-02-11 20:00:13 /tmp/VirtualShell.store.cache.php updated and reload workers
2015-02-11 20:03:48 /tmp/gateway.store.cache.php updated and reload workers
2015-02-11 20:03:54 /tmp/gateway.store.cache.php updated and reload workers
2015-02-11 20:04:00 /tmp/gateway.store.cache.php updated and reload workers
2015-02-11 20:04:06 /tmp/VirtualShell.store.cache.php updated and reload workers
2015-02-11 20:04:09 /tmp/VirtualShell.store.cache.php updated and reload workers
2015-02-11 20:08:11 /tmp/gateway.store.cache.php updated and reload workers
2015-02-11 20:08:25 /tmp/gateway.store.cache.php updated and reload workers
2015-02-11 20:08:32 /tmp/VirtualShell.store.cache.php updated and reload workers
2015-02-11 20:08:33 /tmp/gateway.store.cache.php updated and reload workers
2015-02-11 20:08:39 /tmp/VirtualShell.store.cache.php updated and reload workers
2015-02-11 20:13:25 /var/www/html/intelligence_server/websocket/applications/Chat/Event.php updated and reload workers
2015-02-11 20:13:45 /var/www/html/intelligence_server/websocket/applications/Chat/User/VirtualShell.php updated and reload workers
2015-02-11 20:13:47 /var/www/html/intelligence_server/websocket/applications/Chat/User/VirtualShell.php updated and reload workers
2015-02-11 20:13:57 /var/www/html/intelligence_server/websocket/applications/Chat/User/VirtualShell.php updated and reload workers
2015-02-11 20:14:00 /var/www/html/intelligence_server/websocket/applications/Chat/User/VirtualShell.php updated and reload workers
2015-02-11 20:14:28 /var/www/html/intelligence_server/websocket/applications/Chat/User/VirtualShell.php updated and reload workers
2015-02-11 20:14:33 /var/www/html/intelligence_server/websocket/applications/Chat/User/VirtualShell.php updated and reload workers
2015-02-11 20:21:11 /tmp/gateway.store.cache.php updated and reload workers
2015-02-11 20:21:20 /tmp/gateway.store.cache.php updated and reload workers
2015-02-11 20:21:26 /tmp/gateway.store.cache.php updated and reload workers
2015-02-11 20:22:01 /tmp/gateway.store.cache.php updated and reload workers
2015-02-11 20:22:07 /tmp/gateway.store.cache.php updated and reload workers
2015-02-11 20:22:49 /tmp/gateway.store.cache.php updated and reload workers
2015-02-11 20:22:50 /tmp/gateway.store.cache.php updated and reload workers
2015-02-11 20:27:46 /tmp/gateway.store.cache.php updated and reload workers
2015-02-11 20:27:54 /tmp/gateway.store.cache.php updated and reload workers
2015-02-11 20:28:11 /tmp/gateway.store.cache.php updated and reload workers
2015-02-11 20:32:09 /tmp/gateway.store.cache.php updated and reload workers
2015-02-11 20:32:10 /tmp/gateway.store.cache.php updated and reload workers
2015-02-11 20:32:18 /tmp/gateway.store.cache.php updated and reload workers
2015-02-11 20:32:38 /tmp/gateway.store.cache.php updated and reload workers
2015-02-11 20:32:40 /tmp/gateway.store.cache.php updated and reload workers
2015-02-11 20:32:41 /tmp/gateway.store.cache.php updated and reload workers
2015-02-11 20:32:42 /tmp/gateway.store.cache.php updated and reload workers
2015-02-11 20:32:57 /tmp/gateway.store.cache.php updated and reload workers
2015-02-11 20:33:10 /tmp/gateway.store.cache.php updated and reload workers
2015-02-11 21:23:07 /tmp/gateway.store.cache.php updated and reload workers
2015-02-11 21:23:38 /tmp/gateway.store.cache.php updated and reload workers
2015-02-11 21:23:44 /tmp/VirtualShell.store.cache.php updated and reload workers
2015-02-11 21:23:56 /tmp/gateway.store.cache.php updated and reload workers
2015-02-11 21:24:04 /tmp/VirtualShell.store.cache.php updated and reload workers
2015-02-11 21:28:17 /tmp/gateway.store.cache.php updated and reload workers
2015-02-11 21:28:23 /tmp/VirtualShell.store.cache.php updated and reload workers
2015-02-11 21:29:25 /tmp/gateway.store.cache.php updated and reload workers
2015-02-11 21:29:26 /tmp/group.store.cache.php updated and reload workers
2015-02-11 21:29:31 /tmp/gateway.store.cache.php updated and reload workers
2015-02-11 21:29:36 /tmp/VirtualShell.store.cache.php updated and reload workers
2015-02-11 21:29:44 /tmp/VirtualShell.store.cache.php updated and reload workers
2015-02-11 21:29:53 /tmp/gateway.store.cache.php updated and reload workers
2015-02-11 21:29:59 /tmp/VirtualShell.store.cache.php updated and reload workers
2015-02-11 21:31:39 /var/www/html/intelligence_server/websocket/applications/Chat/Event.php updated and reload workers
2015-02-11 21:31:44 /var/www/html/intelligence_server/websocket/applications/Chat/Event.php updated and reload workers
2015-02-11 21:31:47 /var/www/html/intelligence_server/websocket/applications/Chat/Event.php updated and reload workers
2015-02-11 21:32:27 /tmp/gateway.store.cache.php updated and reload workers
2015-02-11 21:32:28 /tmp/gateway.store.cache.php updated and reload workers
2015-02-11 21:32:29 /tmp/gateway.store.cache.php updated and reload workers
2015-02-11 21:32:30 /tmp/gateway.store.cache.php updated and reload workers
2015-02-11 21:32:38 /tmp/VirtualShell.store.cache.php updated and reload workers
2015-02-11 21:32:42 /tmp/VirtualShell.store.cache.php updated and reload workers
2015-02-11 21:35:29 /var/www/html/intelligence_server/websocket/applications/Chat/Event.php updated and reload workers
2015-02-11 21:35:51 /var/www/html/intelligence_server/websocket/applications/Chat/Event.php updated and reload workers
2015-02-11 21:35:53 /var/www/html/intelligence_server/websocket/applications/Chat/Event.php updated and reload workers
2015-02-11 21:36:10 /var/www/html/intelligence_server/websocket/applications/Chat/Event.php updated and reload workers
2015-02-11 21:37:07 /var/www/html/intelligence_server/websocket/applications/Chat/Event.php updated and reload workers
2015-02-11 21:41:24 /var/www/html/intelligence_server/websocket/applications/Chat/Event.php updated and reload workers
2015-02-11 21:41:33 /var/www/html/intelligence_server/websocket/applications/Chat/Event.php updated and reload workers
2015-02-11 21:44:46 /var/www/html/intelligence_server/websocket/applications/Chat/Event.php updated and reload workers
2015-02-11 21:45:18 /tmp/gateway.store.cache.php updated and reload workers
2015-02-11 21:45:19 /tmp/gateway.store.cache.php updated and reload workers
2015-02-11 21:45:26 /tmp/gateway.store.cache.php updated and reload workers
2015-02-11 21:45:36 /tmp/VirtualShell.store.cache.php updated and reload workers
2015-02-11 21:45:45 /tmp/gateway.store.cache.php updated and reload workers
2015-02-11 21:45:50 /tmp/gateway.store.cache.php updated and reload workers
2015-02-11 21:45:55 /tmp/VirtualShell.store.cache.php updated and reload workers
2015-02-11 21:46:30 /tmp/gateway.store.cache.php updated and reload workers
2015-02-11 21:46:31 /tmp/gateway.store.cache.php updated and reload workers
2015-02-11 21:47:24 /tmp/gateway.store.cache.php updated and reload workers
2015-02-11 21:47:25 /tmp/gateway.store.cache.php updated and reload workers
2015-02-11 21:47:27 /tmp/gateway.store.cache.php updated and reload workers
2015-02-11 21:47:33 /tmp/gateway.store.cache.php updated and reload workers
2015-02-11 21:47:41 /tmp/VirtualShell.store.cache.php updated and reload workers
2015-02-11 21:47:47 /tmp/VirtualShell.store.cache.php updated and reload workers
2015-02-11 21:49:27 /var/www/html/intelligence_server/websocket/applications/Chat/Event.php updated and reload workers
2015-02-11 21:49:40 /var/www/html/intelligence_server/websocket/applications/Chat/Event.php updated and reload workers
2015-02-11 21:49:47 /var/www/html/intelligence_server/websocket/applications/Chat/Event.php updated and reload workers
2015-02-11 21:49:52 /tmp/gateway.store.cache.php updated and reload workers
2015-02-11 21:49:53 /tmp/gateway.store.cache.php updated and reload workers
2015-02-11 21:50:00 /tmp/VirtualShell.store.cache.php updated and reload workers
2015-02-11 21:50:04 /tmp/gateway.store.cache.php updated and reload workers
2015-02-11 21:50:12 /tmp/gateway.store.cache.php updated and reload workers
2015-02-11 21:50:42 /tmp/gateway.store.cache.php updated and reload workers
2015-02-11 21:51:04 /tmp/VirtualShell.store.cache.php updated and reload workers
2015-02-11 21:51:07 /tmp/gateway.store.cache.php updated and reload workers
2015-02-11 21:51:20 /tmp/gateway.store.cache.php updated and reload workers
2015-02-11 21:51:39 /tmp/gateway.store.cache.php updated and reload workers
